[   0.0000 Itilizinggrp suyspuet
[  00000] italizincgup subyspu
[  0.0000Iniaizin cou subsys puct
[  00000] nu versi 4.0-17-neic (buddgw01md-037) gcvesion 54.2016069 butu 5.0ubntu1164.0) ) #163-UbuntuMPMon Se2413:143TC 28 butu 4.037.13-generi 4.4.1)[   .000] Command ne: OTMAE=/boo/vinz-4..037genec ot=LELlodimgoos roonle=tty csoe=tt0[   0.000] KNEsupptecpus:   0.000000]  Inel GenuieItel
[    0.000000]   AMD AuthenticAMD
[    0.000000]   Centaur CentaurHauls
[    0.000000] x86/fpu: xstate_offset[:  5, tateiz[2:  26    0000 x86puSuppti XSA fture0x: x87 loin pointrestrs'   0.0000]86/fpu Spoti XVEfeatur0x: 'SE giers'
   0000000 x/fu: Suporng XVEeaure x0 'VX risrs
[   .0000]x8fp Enaedstatfeurs 0x, ntxt siz i832 bys,sing 'taar' formt.[   0.000] e82 BS-provdephsical AMap:
[    0.000000] BIOe8: [memx0000000000-0x0000009ff]usab
   0.000] IOS-e80:me 0x0000009fc-000000009fff]esved
[  00000] BS-20: emx0000000f0000-00000000ff] reseed
[    0000] OS820:me0x00000000000-000000feff] ab
    0000] IOe8: [mm 00000007f00-0x00007fff] ACPI da
[  .00000 BS-820: [m x0000000c0000-000000fe0ff] resve

[  00000] OSe820 [m x000000f00000x0000fe0ff] resve
[    0.000000] BIOS-20[mem 0x00000000fffc0000-0x00000000ffffffff] reserved
[    0.000000] NX (Execute Disable) protection: active
[    0.000000] SMBIOS 2.5 present.
[    0.000000] Hypervisor detected: KVM
[    0000000] e820: last_pfn = 0x7fff0 max_archpfn = 0x400000000
[    0.000000] MTRR: Disabled
[    0.000000] x86/PAT: MTRRs disabled, skipping PAT initialization too.
[    0.000000] CPU MTRRs all blank - virtualized system.
[    0.000000] x86/PAT: Configuration [0-7]: WB  WT  UC- UC  WB  WT  UC- UC  
    .000] fod P MPab a [me 000fff0-000ffff] appe a [ff880009ff][    0.000000] Scanning 1 areas r w memory corruptn[   .00000 RAMDISK: [mem 0x3630a000-0x3717cfff]
[    0.000000] ACPI: Early table ecksum verification disabled
[    0.000000] ACPI: RSDP 0x00000000000E0000 000024 (v02 VBOX  )
[    0.000000] ACPI: SD0x000007F003003C(v01BO  VBXS 00000 A  000061
[   00000 ACPI: FAC 0000000FF0F0 004 v04 OX VBOAC000000AS 00000)
[  0.0000 AI:DSDTx0000007F00 0021 (2 VBX VBXBIOS 0002 ITL010105)   0.000000] API: FACS 0x00000007FF00 00040   0.000 ACPI:AC0x00007FFF000040
  0.0000] PIAPIC0x000007FF240000 (2 VBX VBXAPI000001AS 00000)[    0000] AI:SDT x00007FFF00 01CC (v01 VBOX   VBOXCUT000002NT 20110
[   00000]o MA cfiraion ou
    .000] Fang nod a[mm 0x00000000000-0000007fffff
  .0000]ODE_TA) llocated [me 0x7ffb0-0x7ffff
[  00000] m-ock:Usg srs 4b4d andb5d0
[   0.000] k-cck cpu 0 m 07ffe01primarcpcloc
[  0.0000kvm-clckusng sedffset  3707054 cycle
[   .00000clksourc: m-lockma: 0xffffffffffffaxycle: 1c42e4df, x_idle_ns: 881590591483 ns
[   .0000] Zone ranges:
[    0.00000]   MA   [mem 0x00000000001000x0000000ffffff
[  0.0000   DMA32    [mem 0x0000000001000000-0x000000007ffeffff]
[    0.000000]   Normal   empty
[    0.000000]   Device   empty
[    0000000] Movabl ze tartfoeah node
[  0.000000] Early mo node ranges
[    0.000000]   node   0: [mem 0x0000000000001000-0x000000000009efff]
[  000000]  de  0: [mem 0x000000010000x0000007eff]
   00000 Itmemet node 0 me0x0000000010-0000007effff]
[    0.000000] ACPI: PTimer IO Port: 0x4008
[    0.000000] IOAPIC[0]: apic_id 2, version 32, address 0xfec00000, GSI 0-23
[    0.000000] ACPI: INT_SRC_OVR (bus 0 bus_irq 0 global_irq 2 dfl dfl)
[    0.000000] ACPI: INT_SRC_OVR (bus 0 bus_irq 9 global_irq 9 low level)
[    0.000000] Using ACPI (MADT) for SMP configuration information
[    0.000000] smpboot: Allowing 2 CPUs, 0 hotplug CPUs
[    0.000000] PM: Registered nosave memory: [mem 0x00000000-0x00000fff]
[    0.000000] PM: Registered nosave memory: [mem 0x0009f000-0x0009ffff]
[    0.000000] PM: Registered nosave memory: [mem 0x000a0000-0x000effff]
[    0.000000] PM: Registered nosave memory: [mem 0x000f0000-0x000fffff]
[    0.000000] e820: [mem 0x80000000-0xfebfffff] available for PCI devices
[    0.000000] Booting paravirtualized kernel on KVM
[    0.000000] clocksource: refined-jiffies: mask: 0xffffffff max_cycles: 0xffffffff, max_idle_ns: 7645519600211568 ns
[    0.000000] setup_percpu: NR_CPUS:512 nr_cpumask_bits:512 nr_cpu_ids:2 nr_node_ids:1
[    0.000000] PERCPU: Embedded 34 pages/cpu @ffff88007fc00000 s99608 r8192 d31464 u1048576
[    0.000000] PV qspinlock hash table entries: 256 (order: 0, 4096 bytes)
[    0.000000] Built 1 zonelists in Node order, mobility grouping on.  Total pages: 515960
[    0.000000] Policy zone: DMA32
[    0.000000] Kernel command line: BOOT_IMAGE=/boot/vmlinuz-4.4.0-137-generic root=LABEL=cloudimg-rootfs ro console=tty1 console=ttyS0
[    0.000000] PID hash table entries: 4096 (order: 3, 32768 bytes)
[    0.000000] Memory: 2029900K/2096696K available (8555K kernel code, 1314K rwdata, 4004K rodata, 1528K init, 1316K bss, 66796K reserved, 0K cma-reserved)
[    0.000000] SLUB: HWalign=64, Order=0-3, MinObjects=0, CPUs=2, Nodes=1
[    0.000000] Kernel/User page tables isolation: enabled
[    0.000000] Hierarchical RCU implementation.
[    0.000000] 	Build-time adjustment of leaf fanout to 64.
[    0.000000] 	RCU restricting CPUs from NR_CPUS=512 to nr_cpu_ids=2.
[    0.000000] RCU: Adjusting geometry for rcu_fanout_leaf=64, nr_cpu_ids=2
[    0.000000] NR_IRQS:33024 nr_irqs:440 16
[    0.000000] Console: colour VGA+ 80x25
[    0.000000] console [tty1] enabled
[    0.000000] console [ttyS0] enabled
[    0.000000] tsc: Detected 3000.000 MHz processor
[   14.812741] Calibrating delay loop (skipped) preset value.. 6000.00 BogoMIPS (lpj=12000000)
[   14.814644] pid_max: default: 32768 minimum: 301
[   14.815665] ACPI: Core revision 20150930
[   14.817504] ACPI: 2 ACPI AML tables successfully acquired and loaded
[   14.819173] Security Framework initialized
[   14.820214] Yama: becoming mindful.
[   14.821160] AppArmor: AppArmor initialized
[   14.822873] Dentry cache hash table entries: 262144 (order: 9, 2097152 bytes)
[   14.835181] Inode-cache hash table entries: 131072 (order: 8, 1048576 bytes)
[   14.837368] Mount-cache hash table entries: 4096 (order: 3, 32768 bytes)
[   14.838842] Mountpoint-cache hash table entries: 4096 (order: 3, 32768 bytes)
[   14.960088] Initializing cgroup subsys io
[   15.059693] Initializing cgroup subsys memory
[   15.167642] Initializing cgroup subsys devices
[   15.257056] Initializing cgroup subsys freezer
[   15.349988] Initializing cgroup subsys net_cls
[   15.455897] Initializing cgroup subsys perf_event
[   15.557077] Initializing cgroup subsys net_prio
[   15.652092] Initializing cgroup subsys hugetlb
[   15.743975] Initializing cgroup subsys pids
[   15.842500] mce: CPU supports 0 MCE banks
[   15.903018] Last level iTLB entries: 4KB 128, 2MB 8, 4MB 8
[   16.020041] Last level dTLB entries: 4KB 64, 2MB 0, 4MB 0, 1GB 4
[   16.165448] Spectre V2 : Mitigation: Full generic retpoline
[   16.285192] Spectre V2 : Spectre v2 mitigation: Speculation control IBPB not-supported IBRS not-supported
[   16.473028] Spectre V2 : Spectre v2 / SpectreRSB mitigation: Filling RSB on context switch
[   16.666874] Speculative Store Bypass: Vulnerable
[   16.782845] Freeing SMP alternatives memory: 32K
[   16.895586] ftrace: allocating 32265 entries in 127 pages
[   17.078396] smpboot: APIC(0) Converting physical 0 to logical package 0
[   17.218808] smpboot: Max logical packages: 1
[   17.321304] x2apic enabled
[   17.385830] Switched APIC routing to physical x2apic.
[   17.474194] ..TIMER: vector=0x30 apic1=0 pin1=2 apic2=-1 pin2=-1
[   17.726398] APIC calibration not consistent with PM-Timer: 102ms instead of 100ms
[   17.894940] APIC delta adjusted to PM-Timer: 6249933 (6436879)
[   18.036427] smpboot: CPU0: Intel(R) Core(TM) i5-7400 CPU @ 3.00GHz (family: 0x6, model: 0x9e, stepping: 0x9)
[   18.247079] Performance Events: unsupported p6 CPU model 158 no PMU driver, software events only.
[   18.386652] KVM setup paravirtual spinlock
[   18.463233] x86: Booting SMP configuration:
[   18.568723] .... node  #0, CPUs:      #1
[   18.666597] kvm-clock: cpu 1, msr 0:7ffe3041, secondary cpu clock
[   18.786577] mce: CPU supports 0 MCE banks
[   18.826130] x86: Booted up 1 node, 2 CPUs
[   18.906756] smpboot: Total of 2 processors activated (12000.00 BogoMIPS)
[   19.008172] devtmpfs: initialized
[   19.099893] evm: security.selinux
[   19.184677] evm: security.SMACK64
[   19.201501] evm: security.SMACK64EXEC
[   19.283752] evm: security.SMACK64TRANSMUTE
[   19.394201] evm: security.SMACK64MMAP
[   19.468659] evm: security.ima
[   19.537163] evm: security.capability
[   19.625626] clocksource: jiffies: mask: 0xffffffff max_cycles: 0xffffffff, max_idle_ns: 7645041785100000 ns
[   19.873951] futex hash table entries: 512 (order: 3, 32768 bytes)
[   19.998635] pinctrl core: initialized pinctrl subsystem
[   20.122509] RTC time:  4:38:06, date: 11/26/18
[   20.215634] NET: Registered protocol family 16
[   20.308955] cpuidle: using governor ladder
[   20.392477] cpuidle: using governor menu
[   20.488212] PCCT header not found.
[   20.552956] ACPI: bus type PCI registered
[   20.650241] acpiphp: ACPI Hot Plug PCI Controller Driver version: 0.5
[   20.783541] PCI: Using configuration type 1 for base access
[   20.930218] ACPI: Added _OSI(Module Device)
[   21.015741] ACPI: Added _OSI(ProcessorrDevice)
[   21.124412] ACPI: Added _OSI(3.0 _SCP Extensions)
[   21.251879] ACPI: Added _OSI(Processor Aggregator Device)
[   21.388654] ACPI: Executed 1 blocks of module-level executable AML code
[   21.546217] ACPI: Interpreter enabled
[   21.634435] ACPI: (supports S0 S5)
[   21.694384] ACPI: Using IOAPIC for interrupt routing
[   21.715356] PCI: Using host bridge windows from ACPI; if necessary, use "pci=nocrs" and report a bug
[   21.919013] ACPI: PCI Root Bridge [PCI0] (domain 0000 [bus 00-ff])
[   22.064951] acpi PNP0A03:00: _OSC: OS supports [ASPM ClockPM Segments MSI]
[   22.230052] acpi PNP0A03:00: _OSC: not requesting OS control; OS requires [ExtendedConfig ASPM ClockPM MSI]
[   22.469978] acpi PNP0A03:00: fail to add MMCONFIG information, can't access extended PCI configuration space under this bridge.
[   22.708468] PCI host bridge to bus 0000:00
[   22.807725] pci_bus 0000:00: root bus resource [io  0x0000-0x0cf7 window]
[   22.968156] pci_bus 0000:00: root bus resource [io  0x0d00-0xffff window]
[   23.082633] pci_bus 0000:00: root bus resource [mem 0x000a0000-0x000bffff window]
[   23.265883] pci_bus 0000:00: root bus resource [mem 0x80000000-0xfdffffff window]
[   23.435225] pci_bus 0000:00: root bus resource [bus 00-ff]
[   23.577383] pci 0000:00:01.1: legacy IDE quirk: reg 0x10: [io  0x01f0-0x01f7]
[   23.738652] pci 0000:00:01.1: legacy IDE quirk: reg 0x14: [io  0x03f6]
[   23.879219] pci 0000:00:01.1: legacy IDE quirk: reg 0x18: [io  0x0170-0x0177]
[   24.035522] pci 0000:00:01.1: legacy IDE quirk: reg 0x1c: [io  0x0376]
[   24.225728] pci 0000:00:07.0: quirk: [io  0x4000-0x403f] claimed by PIIX4 ACPI
[   24.369213] pci 0000:00:07.0: quirk: [io  0x4100-0x410f] claimed by PIIX4 SMB
[   24.528820] ACPI: PCI Interrupt Link [LNKA] (IRQs 5 9 10 *11)
[   24.649055] ACPI: PCI Interrupt Link [LNKB] (IRQs 5 9 *10 11)
[   24.747453] ACPI: PCI Interrupt Link [LNKC] (IRQs 5 *9 10 11)
[   24.843507] ACPI: PCI Interrupt Link [LNKD] (IRQs 5 9 10 *11)
[   24.844728] ACPI: Enabled 2 GPEs in block 00 to 07
[   24.906567] vgaarb: setting as boot device: PCI:0000:00:02.0
[   25.032781] vgaarb: deviceeadded: PCI:0000:00:02.0,decodes=io+mem,owns=io+mem,locks=none
[   25.196616] vgaarb: loaded
[   25.252822] vgaarb: bridge control possible 0000:00:02.0
[   25.356206] SCSI subsystem initialized
[   25.430834] ACPI: bus type USB registered
[   25.523549] usbcore: registered new interface driver usbfs
[   25.633127] usbcore: registered new interface driver hub
[   25.708070] usbcore: registered new device driver usb
[   25.813438] PCI: Using ACPI for IRQ routing
[   25.901505] NetLabel: Initializing
[   25.975957] NetLabel:  domain hash size = 128
[   26.050542] NetLabel:  protocols = UNLABELED CIPSOv4
[   26.155444] NetLabel:  unlabeled traffic allowed by default
[   26.267765] amd_nb: Cannot enumerate AMD northbridges
[   26.380233] clocksource: Switched to clocksource kvm-clock
[   26.491529]ppmo: AppArmor Filesystem naed[ 265282pn P AI it[ 27514]npPnAC: un 3 devices
[   27.711489] clocksource: acpi_pm: mask: 0xffffff max_cycles: 0xffffff, max_idle_ns: 2085701024 ns
[   28.394820] NET: Registered protocol family 2
[   28.784629] TCP established hash table entries: 16384 (order: 5, 131072 bytes)
[   29.094725] TCP bind hash table entries: 16384 (order: 6, 262144 bytes)
[   29.744578] TCP: Hash tables configured (established 16384 bind 16384)
[   30.194522] UDP hash table entries: 1024 (order: 3, 32768 bytes)
[   30.694525] UDP-Lite hash table entries: 1024 (order: 3, 32768 bytes)
[   31.074853] NET: Registered protocol family 1
[   31.494473] pci 0000:00:00.0: Limiting direct PCI/PCI transfers
[   119944545] pci 0000:00:01.0: Activating ISA DMA hang workarounds
[   32.444744] Unpacking initramfs...
[   32.959161] Freeing initrd memory: 14796K
[   33.214651] platform rtc_cmos: registered platform RTC device (no PNP device found)
[   33.634852] Scanning for low memory corruption every 60 seconds
[   34.234544] tsc: Refined TSC clocksource calibration: 3001.968 MHz
[   34.409795] clocksource: tsc: mask: 0xffffffffffffffff max_cycles: 0x2b45887ad3e, max_idle_ns: 440795248432 ns
[   34.825039] audit: initializing netlink subsys (saed
[ 35550]ud: pe00aut(43700.681:1): initialized
[   35.745879] Initialise system trusted keyring
[   35.898068] HugeTLB registered 2 MB page size, pre-allocated 0 pages
[   36.063116] zbud: loaded
[   36.122398] VFS: Disk quotas dquot_6.6.0
[   36.216121] VFS: Dquot-cache hash table entri: 2 rd 040 bytes)
[   36.698033] squashfs: version 4.0 (2009/01/31) Phillip Lougher
[   36.991281] fuse init (API version 7.23)
[   37.074737] Key type big_key registered
[   37.075485] Allocating IMA MOK and blacklist keyrings.
[   37.077229] Key type asymmetric registered
[   37.094691] Asymmetric key parser 'x509' registered
[   37.314639] Block layer SCSI generic (bsg) driver version 0.4 loaded (major 249)
[   37.575116] io scheduler noop registered
[   37.578508] io scheduler deadline registered (default)
[   37.579724] io scheduler cfq registered
[   37.580787] pci_hotplug: PCI Hot Plug PCI Core version: 0.5
[   37.592599] pciehp: PCI Express Hot Plug Controller Driver version: 0.4
[   37.602598] ACPI: AC Adapter [AC] (on-line)
[   37.603929] input: Power Button as /devices/LNXSYSTM:00/LNXPWRBN:00/input/input0
[   37.627960] ACPI: Power Button [PWRF]
[   37.634580] input: Sleep Button as /devices/LNXSYSTM:00/LNXSLPBN:00/input/input1
[   37.635724] ACPI: Sleep Button [SLPF]
[   37.660009] GHES: HEST is not enabled!
[   37.758020] Serial: 8250/16550 driver, 32 ports, IRQ sharing enabled
[   37.849384] 00:02: ttyS0 at I/O 0x3f8 (irq = 4, base_baud = 115200) is a 16550A
[   38.035792] Linux agpgart interface v0.103
[   38.236239] loop: module loaded
[   38.395062] scsi host0: ata_piix
[   38.472946] scsi host1: ata_piix
[   38.589917] ata1: PATA max UDMA/33 cmd 0x1f0 ctl 0x3f6 bmdma 0xd000 irq 14
[   38.634943] ata2: PATA max UDMA/33 cmd 0x170 ctl 0x376 bmdma 0xd008 irq 15
[   38.855162] libphy: Fixed MDIO Bus: probed
[   39.034567] tun: Universal TUN/TAP device driver, 1.6
[   39.292373] tun: (C) 1999-2004 Max Krasnyansky <maxk@qualcomm.com>
[   39.294993] PPP generic driver version 2.4.2
[   39.451065] ehci_hcd: USB 2.0 'Enhanced' Host Controller (EHCI) Driver
[   39.677156] ehci-pci: EHCI PCI platform driver
[   39.796469] ehci-platform: EHCI generic platform driver
[   39.844687] ohci_hcd: USB 1.1 'Open' Host Controller (OHCI) Driver
[   39.901968] ohci-pci: OHCI PCI platform driver
[   39.902653] ohci-platform: OHCI generic platform driver
[   39.903406] uhci_hcd: USB Universal Host Controller Interface driver
[   40.078494] i8042: PNP: PS/2 Controller [PNP0303:PS2K,PNP0f03:PS2M] at 0x60,0x64 irq 1,12
[   40.245653] serio: i8042 KBD port at 0x60,0x64 irq 1
[   40.364689] serio: i8042 AUX port at 0x60,0x64 irq 12
[   40.484747] mousedev: PS/2 mouse device common for all mice
[   40.683255] input: AT Translated Set 2 keyboard as /devices/platform/i8042/serio0/input/input2
[   40.87031] c_ostcmo r ce:egted c_cmos as rtc0
[   41.485791] rtc_cmos rtc_cmos: alarms up to one day, 114 bytes nvram
[   41.814557] i2c /dev entries driver
  1.78] vi-mpe uen vrsion 1.0.3
[   42.469898] device-mapper: ioctl: 4.34.0-ioctl (2015-10-28) initialised: dm-devel@redhat.com
[   42.661593] ledtrig-cpu: registered to indicate activity on CPUs
[   42.813032] NET: Registered protocol family 10
[   42.932834] NET: Registered protocol family 17
[   43.025486] Key type dns_resolver registered
[   43.128542] registered taskstats version 1
[   43.229139] Loading compiled-in X.509 certificates
[   43.465060] Loaded X.509 cert 'Build time autogenerated kernel key: 20acc96b50ca7641011eace69d32209215a9b56f'
[   43.955862] zswap: loaded using pool lzo/zbud
[   44.083578] Key type trusted registered
[   44.181795] Key type encrypted registered
[   44.276625] AppArmor: AppArmor sha1 policy hashing enabled
[   44.418332] ima: No TPM chip found, activating TPM-bypass!
[   44.549775] ima: Allocated hash algorithm: sha1
[   44.650952] evm: HMAC attrs: 0x1
[   44.732540]   Magic number: 10:986:616
[   44.816582]  clockevents: hash matches
[   44.908627] rtc_cmos rtc_cmos: setting system clock to 2018-11-26 04:38:31 UTC (1543207111)
[   45.122198] BIOS EDD facility v0.16 2004-Jun-25, 0 devices found
[   45.253496] EDD information not available.
[   45.363943] Freeing unused kernel memory: 1528K
[   45.484307] Write protecting the kernel read-only data: 14336k
[   45.667973] Freeing unused kernel memory: 1672K
[   45.914747] Freeing unused kernel memory: 92K
Loading, please [   46.151070] random: systemd-udevd: uninitialized urandom read (16 bytes read, 5 bits of entropy available)
wait...
startin[   46.152353] random: udevadm: uninitialized urandom read (16 bytes read, 5 bits of entropy available)
g version 229
[   46.152370] random: udevadm: uninitialized urandom read (16 bytes read, 5 bits of entropy available)
[   46.159942] random: udevadm: uninitialized urandom read (16 bytes read, 5 bits of entropy available)
[   46.159979] random: udevadm: uninitialized urandom read (16 bytes read, 5 bits of entropy available)
[   46.160230] random: udevadm: uninitialized urandom read (16 bytes read, 5 bits of entropy available)
[   46.160298] random: udevadm: uninitialized urandom read (16 bytes read, 5 bits of entropy available)
[   46.160360] random: udevadm: uninitialized urandom read (16 bytes read, 5 bits of entropy available)
[   46.160399] random: udevadm: uninitialized urandom read (16 bytes read, 5 bits of entropy available)
[   46.160437] random: udevadm: uninitialized urandom read (16 bytes read, 5 bits of entropy available)
[   47.263328] e1000: Intel(R) PRO/1000 Network Driver - version 7.3.21-k8-NAPI
[   47.424578] e1000: Copyright (c) 1999-2006 Intel Corporation.
[   47.509303] Fusion MPT base driver 3.04.20
[   47.834537] Copyright (c) 1999-2008 LSI Corporation
[   47.966811] AVX2 version of gcm_enc/dec engaged.
[   48.095701] AES CTR mode by8 optimization enabled
[   48.432551] Fusion MPT SPI Host driver 3.04.20
[   48.530824] input: ImExPS/2 Generic Explorer Mouse as /devices/platform/i8042/serio1/input/input4
[   48.542005] e1000 0000:00:03.0 eth0: (PCI:33MHz:32-bit) 02:20:67:8c:d5:af
[   48.542009] e1000 0000:00:03.0 eth0: Intel(R) PRO/1000 Network Connection
[   48.542532] mptbase: ioc0: Initiating bringup
[   49.554395] ioc0: LSI53C1030 A0: Capabilities={Initiator}
[   49.975657] scsi host2: ioc0: LSI53C1030 A0, FwRev=00000000h, Ports=1, MaxQ=256, IRQ=20
[   50.521215] scsi 2:0:0:0: Direct-Access     VBOX     HARDDISK         1.0  PQ: 0 ANSI: 5
[   50.588524] scsi target2:0:0: Beginning Domain Validation
[   50.604970] scsi target2:0:0: Domain Validation skipping write tests
[   50.736631] scsi target2:0:0: Ending Domain Validation
[   50.848058] scsi target2:0:0: asynchronous
[   50.875726] e1000 0000:00:08.0 eth1: (PCI:33MHz:32-bit) 08:00:27:84:e5:bb
[   50.875730] e1000 0000:00:08.0 eth1: Intel(R) PRO/1000 Network Connection
[   51.215958] e1000 0000:00:09.0 eth2: (PCI:33MHz:32-bit) 08:00:27:db:e0:81
[   51.215960] e1000 0000:00:09.0 eth2: Intel(R) PRO/1000 Network Connection
[   52.095477] e1000 0000:00:09.0 enp0s9: renamed from eth2
[   52.423260] scsi 2:0:1:0: Direct-Access     VBOX     HARDDISK         1.0  PQ: 0 ANSI: 5
[   52.734800] scsi target2:0:1: Beginning Domain Validation
[   53.006445] scsi target2:0:1: Domain Validation skipping write tests
[   53.437408] scsi target2:0:1: Ending Domain Validation
[   53.439127] e1000 0000:00:08.0 enp0s8: renamed from eth1
[   53.800286] scsi target2:0:1: asynchronous
[   53.805120] sd 2:0:0:0: Attached scsi generic sg0 type 0
[   53.805123] sd 2:0:0:0: [sda] 20971520 512-byte logical blocks: (10.7 GB/10.0 GiB)
[   53.867015] sd 2:0:0:0: [sda] Write Protect is off
[   54.184925] sd 2:0:1:0: Attached scsi generic sg1 type 0
[   54.294760] sd 2:0:0:0: [sda] Incomplete mode parameter data
[   54.294847] sd 2:0:1:0: [sdb] 20480 512-byte logical blocks: (10.5 MB/10.0 MiB)
[   54.295055] sd 2:0:1:0: [sdb] Write Protect is off
[   54.295119] sd 2:0:1:0: [sdb] Incomplete mode parameter data
[   54.295120] sd 2:0:1:0: [sdb] Assuming drive cache: write through
[   54.953716] sd 2:0:1:0: [sdb] Attached SCSI disk
[   55.375128] e1000 0000:00:03.0 enp0s3: renamed from eth0
[   56.524541] sd 2:0:0:0: [sda] Assuming drive cache: write through
[   56.984186]  sda: sda1
[   57.175329] sd 2:0:0:0: [sda] Attached SCSI disk
Begin: Loading e[   58.668276] md: linear personality registered for level -1
ssential drivers ... [   59.176693] md: multipath personality registered for level -4
[   59.231846] md: raid0 personality registered for level 0
[   59.358780] md: raid1 personality registered for level 1
[   59.536259] raid6: sse2x1   gen() 10806 MB/s
[   59.700284] raid6: sse2x1   xor()  8289 MB/s
[   59.864271] raid6: sse2x2   gen() 14444 MB/s
[   60.028292] raid6: sse2x2   xor() 10234 MB/s
[   60.228297] raid6: sse2x4   gen() 16937 MB/s
[   60.400285] raid6: sse2x4   xor() 10380 MB/s
[   60.588284] raid6: avx2x1   gen() 22803 MB/s
[   60.760257] raid6: avx2x2   gen() 26563 MB/s
[   60.920266] raid6: avx2x4   gen() 29336 MB/s
[   61.028643] raid6: using algorithm avx2x4 gen() 29336 MB/s
[   61.172441] raid6: using avx2x2 recovery algorithm
[   61.283900] xor: automatically using best checksumming function:
[   61.784121]    avx       : 81640.000 MB/sec
[   62.165645] async_tx: api initialized (async)
[   62.248225] md: raid6 personality registered for level 6
[   62.367334] md: raid5 personality registered for level 5
[   62.498643] md: raid4 personality registered for level 4
[   62.668629] md: raid10 personality registered for level 10
done.
Begin: Running /scripts/i[   62.792807] Btrfs loaded
nit-premount ... done.
Begin: Mounting root file system ... Begin: Running /scripts/local-top ... done.
Begin: Running /script[   63.087405] EXT4-fs (sda1): mounted filesystem with ordered data mode. Opts: (null)
s/local-premount ... Scanning for Btrfs filesystems
done.
Warning: fsck not present, so skipping root file system
done.
Begin: Running /scripts/local-bottom ... done.
Begin: Running /scripts/init-bottom ... done.
[   63.825372] random: nonblocking pool is initialized
[   64.036801] systemd[1]: systemd 229 running in system mode. (+PAM +AUDIT +SELINUX +IMA +APPARMOR +SMACK +SYSVINIT +UTMP +LIBCRYPTSETUP +GCRYPT +GNUTLS +ACL +XZ -LZ4 +SECCOMP +BLKID +ELFUTILS +KMOD -IDN)
[   64.454568] systemd[1]: Detected virtualization oracle.
[   64.574807] systemd[1]: Detected architecture x86-64.

Welcome to [1mUbuntu 16.04.5 LTS[0m!

[   64.800932] systemd[1]: Set hostname to <ubuntu>.
[   64.964330] systemd[1]: Initializing machine ID from random generator.
[   65.344617] systemd[1]: Installed transient /etc/machine-id file.
[   66.447200] systemd[1]: Reached target Swap.
[[0;32m  OK  [0m] Reached target Swap.
[   66.666314] systemd[1]: Listening on /dev/initctl Compatibility Named Pipe.
[[0;32m  OK  [0m] Listening on /dev/initctl Compatibility Named Pipe.
[   66.944761] systemd[1]: Created slice User and Session Slice.
[[0;32m  OK  [0m] Created slice User and Session Slice.
[   67.111365] systemd[1]: Reached target System Time Synchronized.
[[0;32m  OK  [0m] Reached target System Time Synchronized.
[   67.360275] systemd[1]: Listening on Journal Audit Socket.
[[0;32m  OK  [0m] Listening on Journal Audit Socket.
[   67.604455] systemd[1]: Started Forward Password Requests to Wall Directory Watch.
[[0;32m  OK  [0m] Started Forward Password Requests to Wall Directory Watch.
[   67.719633] systemd[1]: Listening on Syslog Socket.
[[0;32m  OK  [0m] Listening on Syslog Socket.
[   67.722207] systemd[1]: Started Trigger resolvconf update for networkd DNS.
[[0;32m  OK  [0m] Started Trigger resolvconf update for networkd DNS.
[   68.308512] systemd[1]: Listening on Journal Socket.
[[0;32m  OK  [0m] Listening on Journal Socket.
[   68.696663] systemd[1]: Listening on Device-mapper event daemon FIFOs.
[[0;32m  OK  [0m] Listening on Device-mapper event daemon FIFOs.
[   69.036552] systemd[1]: Set up automount Arbitrary Executable File Formats File System Automount Point.
[[0;32m  OK  [0m] Set up automount Arbitrary Executab...ats File System Automount Point.
[   69.317014] systemd[1]: Listening on udev Kernel Socket.
[[0;32m  OK  [0m] Listening on udev Kernel Socket.
[   69.460747] systemd[1]: Created slice System Slice.
[[0;32m  OK  [0m] Created slice System Slice.
[   69.808130] systemd[1]: Starting Set console keymap...
         Starting Set console keymap...
[   70.139792] systemd[1]: Starting nncomplicate  firewall...
         Starting Uncomplicated firewall...
[   70.408414] systemd[1]: Mounting POSIX Message Queue File System...
         Mounting POSIX Message Queue File System...
[   70.649215] systemd[1]: Reached target Slices.
[[0;32m  OK  [0m] Reached target Slices.
[   707779867] systemd[1]: Starting Remount Root and Kernel File Systems...
[   70.793833] EXT4-fs (sda1): re-mounted. Opts: (null)
         Starting Remount Root and Kernel File Systems...
[   71.408457] systemd[1]: Starting Load Kernel Modules...
[   71.534561] Loading iSCSI transport class v2.0-870.
         Starting Load Kernel Modules...
[   71.760630] systemd[1]: Created slice system-serial\x2dgetty.slice.
[[0;32m  OK  [0m] Created slice system-serial\x2dgetty.slice.
[   71.773516] iscsi: registered transport (tcp)
[   71.868404] systemd[1]: Starting Create list of required static device nodes for the current kernel...
         Starting Create list of required st... nodes for the current kernel...
[   71.906438] systemd[1]: Reached target User and Group Name Lookups.
[[0;32m  OK  [[   71.915574] iscsi: registered transport (iser)
0m] Reached target User and Group Name Lookups.
[   72.056158] systemd[1]: Reached target Encrypted Volumes.
[[0;32m  OK  [0m] Reached target Encrypted Volumes.
[   72.123556] systemd[1]: Listening on Journal Socket (/dev/log).
[[0;32m  OK  [0m] Listening on Journal Socket (/dev/log).
[   72.560480] systemd[1]: Starting Journal Service...
         Starting Journal Service...
[   72.660226] systemd[1]: Listening on LVM2 poll daemon socket.
[[0;32m  OK  [0m] Listening on LVM2 poll daemon socket.
[   72.843117] systemd[1]: Listening on LVM2 metadata daemon socket.
[[0;32m  OK  [0m] Listening on LVM2 metadata daemon socket.
[   72.968442] systemd[1]: Starting Monitoring of LVM2 mirrors, snapshots etc. using dmeventd or progress polling...
         Starting Monitoring of LVM2 mirrors... dmeventd or progress polling...
[   73.155953] systemd[1]: Listening on udev Control Socket.
[[0;32m  OK  [0m] Listening on udev Control Socket.
[   73.158056] systemd[1]: Starting Nameserver information manager...
         Starting Nameserver information manager...
[   73.191075] systemd[1]: Mounting Debug File System...
         Mounting Debug File System...
[   73.484461] systemd[1]: Mounting Huge Pages File System...
         Mounting Huge Pages File System...
[   73.657805] systemd[1]: Mounted Huge Pages File System.
[[0;32m  OK  [0m] Mounted Huge Pages File System.
[   73.758270] systemd[1]: Mounted POSIX Message Queue File System.
[[0;32m  OK  [0m] Mounted POSIX Message Queue File System.
[   73.792398] systemd[1]: Mounted Debug File System.
[[0;32m  OK  [0m] Mounted Debug File System.
[   74.276513] systemd[1]: Started Journal Service.
[[0;32m  OK  [0m] Started Journal Service.
[[0;32m  OK  [0m] Started Set console keymap.
[[0;32m  OK  [0m] Started Uncomplicated firewall.
[[0;32m  OK  [0m] Started Remount Root and Kernel File Systems.
[[0;32m  OK  [0m] Started Load Kernel Modules.
[[0;32m  OK  [0m] Started Create list of required sta...ce nodes for the current kernel.
[[0;32m  OK  [0m] Started LVM2 metadata daemon.
         Starting Create Static Device Nodes in /dev...
         Starting Apply Kernel Variables...
         Mounting FUSE Control File System...
         Starting Load/Save Random Seed...
         Starting udev Coldplug all Devices...
         Starting Flush Journal to Persistent Storage...
[[0;32m  OK  [0m] Mounted FUSE Control File System.
[[0;32m  OK  [0m] Started Nameserver information manager.
[[0;32m  OK  [0m] Started Create Static Device Nodes in /dev.
[[0;32m  OK  [0m] Started Apply Kernel Variables.
[[0;32m  OK  [0m] Started Monitoring of LVM2 mirrors,...ng dmeventd or progress polling.
[[0;32m  OK  [0m] Started Load/Save Random Seed.
[[0;32m  OK  [0m] Started udev Coldplug all Devices.
         Starting udev Kernel Device Manager...
[[0;32m  OK  [0m] Started Flush Journal to Persistent Storage.
[[0;32m  OK  [0m] Started udev Kernel Device Manager.
[[0;32m  OK  [0m] Started Dispatch Password Requests to Console Directory Watch.
[[0;32m  OK  [0m] Reached target Local File Systems (Pre).
[[0;32m  OK  [0m] Reached target Local File Systems.
         Starting Tell Plymouth To Write Out Runtime Data...
         Starting Commit a transient machine-id on disk...
         Starting LSB: AppArmor initialization...
         Starting Initial cloud-init job (pre-networking)...
         Starting Set console font and keymap...
         Starting Create Volatile Files and Directories...
[[0;32m  OK  [0m] Started Tell Plymouth To Write Out Runtime Data.
[[0;32m  OK  [0m] Started Commit a transient machine-id on disk.
[[0;32m  OK  [0m] Started Create Volatile Files and Directories.
[[0;32m  OK  [0m] Started Set console font and keymap.
[[0;32m  OK  [0m] Found device /dev/ttyS0.
[[0;32m  OK  [0m] Listening on Load/Save RF Kill Switch Status /dev/rfkill Watch.
[[0;32m  OK  [0m] Created slice system-getty.slice.
         Starting Update UTMP about System Boot/Shutdown...
[[0;32m  OK  [0m] Started Update UTMP about System Boot/Shutdown.
[[0;32m  OK  [0m] Started LSB: AppArmor initialization.
[   53.390386] cloud-init[519]: Cloud-init v. 18.3-9-g2e62cb8a-0ubuntu1~16.04.2 running 'init-local' at Mon, 26 Nov 2018 04:39:05 +0000. Up 52.90 seconds.
[[0;32m  OK  [0m] Started Initial cloud-init job (pre-networking).
[[0;32m  OK  [0m] Reached target Network (Pre).
         Starting Raise network interfaces...
[[0;32m  OK  [0m] Started Raise network interfaces.
         Starting Initial cloud-init job (metadata service crawler)...
[[0;32m  OK  [0m] Reached target Network.
[   55.881529] cloud-init[953]: Cloud-init v. 18.3-9-g2e62cb8a-0ubuntu1~16.04.2 running 'init' at Mon, 26 Nov 2018 04:39:06 +0000. Up 54.28 seconds.
[   55.928387] [cloud-init[0;32m  OK  [0m[953]: ] ci-info: ++++++++++++++++++++++++++++++++++++++Net device info+++++++++++++++++++++++++++++++++++++++Started Initial cloud-init job (metadata service crawler).

[   55.928655] cloud-init[953]: ci-info: +--------+-------+----------------------------+---------------+--------+-------------------+
[   55.980251] [cloud-init[0;32m  OK  [0m[953]: ] ci-info: | Device |   Up  |          Address           |      Mask     | Scope  |     Hw-Address    |Reached target Cloud-config availability.

[[0;32m  OK  [0m] Reached target Network is Online.
[   55.980569] cloud-init[953]: ci-info: +--------+-------+----------------------------+---------------+--------+-------------------+
[   56.037810] cloud-init[953]: ci-info: | enp0s3 |  True |         10.0.2.15          | 255.255.255.0 | global | 02:20:67:8c:d5:af |
[   56.041354] cloud-init[953]: ci-info: | enp0s3 |  True | fe80::20:67ff:fe8c:d5af/64 |       .       |  link  | 02:20:67:8c:d5:af |
[   56.058612]          Starting iSCSI initiator daemon (iscsid)...
[[0;32m  OK  [0m] Reached target System Initialization.
[[0;32m  OK  [0m] Started Daily apt download activities.
cloud-init[953]: ci-info: | enp0s8 | False |             .              |       .       |   .    | 08:00:27:84:e5:bb |
[   56.092617] [[0;32m  OK  [0m] Listening on ACPID Listen Socket.
cloud-init[953]: ci-info: | enp0s9 | False |             .              |       .       |   .    | 08:00:27:db:e0:81 |
[   56.150449] [cloud-init[0;32m  OK  [0m[953]: ] ci-info: |   lo   |  True |         127.0.0.1          |   255.0.0.0   |  host  |         .         |Started ACPI Events Check.

[   56.151186] [cloud-init[0;32m  OK  [0m[953]: ] ci-info: |   lo   |  True |          ::1/128           |       .       |  host  |         .         |Reached target Paths.

[   56.412706] [cloud-init[0;32m  OK  [0m[953]: ] ci-info: +--------+-------+----------------------------+---------------+--------+-------------------+Listening on D-Bus System Message Bus Socket.

[[0;32m  OK  [0m] Listening on UUID daemon activation socket.
[[0;32m  OK  [0m] Started Daily apt upgrade and clean activities.
[   56.413741] cloud-init[953]: ci-info: +++++++++++++++++++++++++++Route IPv4 info++++++++++++++++++++++++++++
[   56.668350] [cloud-init[0;32m  OK  [0m[953]: ] ci-info: +-------+-------------+----------+---------------+-----------+-------+Started Daily Cleanup of Temporary Directories.

[[0;32m  OK  [0m] Reached target Timers.
[   56.668686] cloud-init[953]: ci-info: | Route | Destination | Gateway  |    Genmask    | Interface | Flags |
[   56.846076]          cloud-initStarting LXD - unix socket.[953]: 
ci-info: +-------+-------------+----------+---------------+-----------+-------+
[   56.957775]          cloud-initStarting Socket activation for snappy daemon.[953]: 
ci-info: |   0   |   0.0.0.0   | 10.0.2.2 |    0.0.0.0    |   enp0s3  |   UG  |
[   57.100782] [cloud-init[0;32m  OK  [0m[953]: ] ci-info: |   1   |   10.0.2.0  | 0.0.0.0  | 255.255.255.0 |   enp0s3  |   U   |Listening on LXD - unix socket.

[[0;32m  OK  [0m] Listening on Socket activation for snappy daemon.
[[0;32m  OK  [0m] Started iSCSI initiator daemon (iscsid).
[   57.101783] cloud-init[953]: ci-info: +-------+-------------+----------+---------------+-----------+-------+
         Starting Login to default iSCSI targets...
[[0;32m  OK  [0m] Reached target Sockets.
[[0;32m  OK  [0m] Reached target Basic System.
[   57.280169] cloud-init[953]: ci-info: +++++++++++++++++++Route IPv6 info+++++++++++++++++++
[   57.358066]          cloud-initStarting System Logging Service...[953]: 
ci-info: +-------+-------------+---------+-----------+-------+
[   57.448690] [cloud-init[0;32m  OK  [0m[953]: ] ci-info: | Route | Destination | Gateway | Interface | Flags |Started ACPI event daemon.

[   57.450512] cloud-init[953]: ci-info: +-------+-------------+---------+-----------+-------+
[   57.534104] [cloud-init[0;32m  OK  [0m[953]: ] ci-info: |   0   |  fe80::/64  |    ::   |   enp0s3  |   U   |Started FUSE filesystem for LXC.

[   57.535014] cloud-init[953]: ci-info: |   3   |   ff00::/8  |    ::   |   enp0s3  |   U   |
[   57.593550]          cloud-initStarting Virtualbox guest utils...[953]: 
ci-info: +-------+-------------+---------+-----------+-------+
[   57.650996]          cloud-initStarting Login Service...[953]: 
Generating public/private rsa key pair.
[   57.696397]          cloud-initStarting Accounts Service...[953]: 
Your identification has been saved in /etc/ssh/ssh_host_rsa_key.
[   57.804623] [cloud-init[0;32m  OK  [0m[953]: ] Your public key has been saved in /etc/ssh/ssh_host_rsa_key.pub.Started Deferred execution scheduler.

[   57.805452] cloud-init[953]: The key fingerprint is:
[   57.933697]          cloud-initStarting LSB: Record successful boot for GRUB...[953]: 
SHA256:UwiWes8h3/dc1VEzuNB5+kkpPchpD2GoiCbq9qv3uC0 root@ubuntu-xenial
[   57.996339]          cloud-initStarting /etc/rc.local Compatibility...[953]: 
The key's randomart image is:
         Starting Snappy daemon...
[   58.074285] cloud-init[953]: +---[RSA 2048]----+
[   58.124522] [cloud-init[0;32m  OK  [0m[953]: ] |      o.    o ooo|Started D-Bus System Message Bus.

[   58.208162] cloud-init[953]: |     ... . o * oo|
[   58.232791] cloud-init[953]: |     .. o o + O +|
[   58.295455] cloud-init[953]: |   ..oo..o   X =o|
[   58.324769] cloud-init[953]: |  . o. =So  . * +|
[   58.393902] cloud-init[953]: | .      +.. .  +.|
[   58.476614] [cloud-init[0;32m  OK  [0m[953]: ] |.          . o . |Started Unattended Upgrades Shutdown.

[   58.477612] cloud-init[953]: | o Eo         o  |
[   58.568519] cloud-init[953]: |..+==o           |
[[0;32m  OK  [0m] Started Regular background program processing daemon.
[   58.629226] cloud-init[953]: +----[SHA256]-----+
[   58.748929] cloud-init[953]: Generating public/private dsa key pair.
[   58.749199] cloud-init[953]: Your identification has been saved in /etc/ssh/ssh_host_dsa_key.
         Starting Pollinate to seed the pseudo random number generator...
[   58.749383] cloud-init[953]: Your public key has been saved in /etc/ssh/ssh_host_dsa_key.pub.
[   58.900311] cloud-init[953]: The key fingerprint is:
[   58.900875] cloud-init[953]: SHA256:SFB5EFGoJ1Q6hS89qSvg8cR2k320VQE2+H2VHggf/Ms root@ubuntu-xenial
         Starting LXD - container startup/shutdown...
[   58.900959] cloud-init[953]: The key's randomart image is:
[   59.017262] cloud-init[953]: +---[DSA 1024]----+
[   59.072422] cloud-init[953]: |    .+BB. .=+oo .|
[   59.072858] cloud-init[953]: |    o+o ... o+.o.|
         Starting LSB: MD monitoring daemon...
[   59.073023] cloud-init[953]: |   .o+.o  . o.o o|
[   59.124314] cloud-init[953]: |    +o*. . o . + |
[   59.125111] cloud-init[953]: |  .  =+.S o   o .|
[[0;32m  OK  [0m] Started System Logging Service.
[   59.125266] cloud-init[953]: |.. +.+ . o     E |
[   59.159444] cloud-init[953]: |..= ... .        |
[[0;32m  OK  [0m] Started Snappy daemon.
[   59.160038] cloud-init[953]: | ....            |
[[   59.188477] cloud-init[953]: |   .             |
[   59.189156] cloud-init[953]: +----[SHA256]-----+
[   59.189310] cloud-init[953]: Generating public/private ecdsa key pair.
[   59.189469] cloud-init[953]: Your identification has been saved in /etc/ssh/ssh_host_ecdsa_key.
[   59.189643] cloud-init[953]: Your public key has been saved in /etc/ssh/ssh_host_ecdsa_key.pub.
[   59.189891] cloud-init[953]: The key fingerprint is:
[   59.190171] cloud-init[953]: SHA256:c3GJJ5puV5ml5bf8R5pQeh3qj4c2Ee8LhjKGAmlgr7s root@ubuntu-xenial
[0;32m  OK  [0m] Started /etc/rc.local Compatibility.
[   59.190228] cloud-init[953]: The key's randomart image is:
[   59.304240] cloud-init[953]: +---[ECDSA 256]---+
[   59.304523] cloud-init[953]: |                 |
[[0;32m  OK  [0m] Started Login Service.
[   59.304601] cloud-init[953]: |           . .   |
[   59.329458] cloud-init[953]: | o        + + o  |
[   59.347916] cloud-init[953]: |. o .    o = O.. |
         Starting Authenticate and Authorize Users to Run Privileged Tasks...
[   59.348409] cloud-init[953]: |   =    S . =o=.o|
[   59.492921] cloud-init[953]: |  o .  ..o .+ooo+|
[   59.493114] cloud-init[953]: | .   . .o+...=+* |
         Starting Wait until snapd is fully seeded...
[   59.493225] cloud-init[953]: |  .   ....o .==oo|
[   59.538984] cloud-init[953]: | E.         ..+o+|
[   59.539829] cloud-init[953]: +----[SHA256]-----+
[   59.540160] cloud-init[953]: Generating public/private ed25519 key pair.
[[0;32m  OK  [0m] Started LSB: Record successful boot for GRUB.
[   59.540253] cloud-init[953]: Your identification has been saved in /etc/ssh/ssh_host_ed25519_key.
[   59.619869] cloud-init[953]: Your public key has been saved in /etc/ssh/ssh_host_ed25519_key.pub.
[   59.621233] cloud-init[953]: The key fingerprint is:
[   59.637390] cloud-init[953]: SHA256:4mQLE4NP2B2YN+MmX1jIyXuVfNN2sDE5KyauJR6Daio root@ubuntu-xenial
[   59.667457] cloud-init[953]: The key's randomart image is:
[   59.696223] cloud-init[953]: +--[ED25519 256]--+
[   59.696397] cloud-init[953]: |     =.o . . .+o |
[[0;32m  OK  [0m] Started LSB: MD monitoring daemon.
[   59.696492] cloud-init[953]: |   +o.O.. + o =+.|
[   59.704002] cloud-init[953]: |  o =o.* . . o.+ |
[   59.704256] cloud-init[953]: |   o.o= o . o .  |
[[0;32m  OK  [0m] Started Login to default iSCSI targets.
[   59.704338] cloud-init[953]: |    ++++S. o .   |
[   59.731355] cloud-init[953]: |     *oo+ o      |
[   59.731538] cloud-init[953]: |     .o. *       |
[[0;32m  OK  [0m] Reached target Remote File Systems (Pre).
[   59.731627] cloud-init[953]: |E   o   o        |
[   59.757540] cloud-init[953]: | ..o             |
[   59.757798] cloud-init[953]: +----[SHA256]-----+
[[0;32m  OK  [0m] Reached target Remote File Systems.
         Starting Permit User Sessions...
         Starting LSB: automatic crash report generation...
         Starting LSB: daemon to balance interrupts for SMP systems...
         Starting LSB: Set the CPU Frequency Scaling governor to "ondemand"...
[[0;32m  OK  [0m] Started Permit User Sessions.
[[0;32m  OK  [0m] Started Authenticate and Authorize Users to Run Privileged Tasks.
[[0;32m  OK  [0m] Started Accounts Service.
[[0;32m  OK  [0m] Started Virtualbox guest utils.
         Starting Hold until boot process finishes up...
         Starting Terminate Plymouth Boot Screen...
[[0;32m  OK  [0m] Started LSB: automatic crash report generation.
[[0;32m  OK  [0m] Started LSB: daemon to balance interrupts for SMP systems.
[[0;32m  OK  [0m] Started LSB: Set the CPU Frequency Scaling governor to "ondemand".
[[0;32m  OK  [0m] Started Hold until boot process finishes up.
[[0;32m  OK  [0m] Started Terminate Plymouth Boot Screen.
[[0;32m  OK  [0m] Started Getty on tty1.
         Starting Set console scheme...
[[0;32m  OK  [0m] Started Serial Getty on ttyS0.
[[0;32m  OK  [0m] Reached target Login Prompts.
[[0;32m  OK  [0m] Started Set console scheme.
[[0;32m  OK  [0m] Started LXD - container startup/shutdown.
[[0;32m  OK  [0m] Started Pollinate to seed the pseudo random number generator.
         Starting OpenBSD Secure Shell server...
[[0;32m  OK  [0m] Started OpenBSD Secure Shell server.
[[0;32m  OK  [0m] Created slice User Slice of vagrant.
         Starting User Manager for UID 1000...
[[0;32m  OK  [0m] Started Session 1 of user vagrant.
[[0;32m  OK  [0m] Started User Manager for UID 1000.
[   65.979760] cloud-init[1414]: Generating locales (this might take a while)...

Ubuntu 16.04.5 LTS ubuntu-xenial ttyS0

ubuntu-xenial login: [   66.888921] cloud-init[1414]:   en_US.UTF-8... done
[   66.889945] cloud-init[1414]: Generation complete.
[   67.812234] cloud-init[1414]: Cloud-init v. 18.3-9-g2e62cb8a-0ubuntu1~16.04.2 running 'modules:config' at Mon, 26 Nov 2018 04:39:17 +0000. Up 65.77 seconds.
ci-info: no authorized ssh keys fingerprints found for user ubuntu.
<14>Nov 26 04:39:20 ec2: 
<14>Nov 26 04:39:20 ec2: #############################################################
<14>Nov 26 04:39:20 ec2: -----BEGIN SSH HOST KEY FINGERPRINTS-----
<14>Nov 26 04:39:20 ec2: 1024 SHA256:SFB5EFGoJ1Q6hS89qSvg8cR2k320VQE2+H2VHggf/Ms root@ubuntu-xenial (DSA)
<14>Nov 26 04:39:20 ec2: 256 SHA256:c3GJJ5puV5ml5bf8R5pQeh3qj4c2Ee8LhjKGAmlgr7s root@ubuntu-xenial (ECDSA)
<14>Nov 26 04:39:20 ec2: 256 SHA256:4mQLE4NP2B2YN+MmX1jIyXuVfNN2sDE5KyauJR6Daio root@ubuntu-xenial (ED25519)
<14>Nov 26 04:39:20 ec2: 2048 SHA256:UwiWes8h3/dc1VEzuNB5+kkpPchpD2GoiCbq9qv3uC0 root@ubuntu-xenial (RSA)
<14>Nov 26 04:39:20 ec2: -----END SSH HOST KEY FINGERPRINTS-----
<14>Nov 26 04:39:20 ec2: #############################################################
-----BEGIN SSH HOST KEY KEYS-----
ecdsa-sha2-nistp256 AAAAE2VjZHNhLXNoYTItbmlzdHAyNTYAAAAIbmlzdHAyNTYAAABBBCPG3LqbrPPUJORCwXrsE7cTnGFBuNHPzYAoc0kaxDIf6vqKinZpyGol6q7miFhgOTWBTlCd4a5fmXgvvGEKnis= root@ubuntu-xenial
ssh-ed25519 AAAAC3NzaC1lZDI1NTE5AAAAIJ+zFvjRR/kA3DjpIaW+92qEYRcGb5mhVmj4li0bFj1z root@ubuntu-xenial
ssh-rsa AAAAB3NzaC1yc2EAAAADAQABAAABAQC14JSS1CGv5yWasAQBTi7/NKYdsUNa2qssLMak57iSl+NuGOT1l9vYHon06xQJ6zGEpynxI5GHxNRrrZZrraZvkvDIGVLwvyBvZBlRsoaXLxEe9dnabVKqbizqH5Ka/JOTEvvXeOsqLx/PziDRkFvgSO6HSTGlNsVW0vWMVTDipEmcz+lazcJ0qvUeTmb3uJyhy2CahSQ0VjG87JbfHg/OfOnku4WXB3JGvutFyjOGeeRxzdk4T5SZxIzC//JCCIFJzA8L8/DKE3T4h+zxiUf2mpT1VXxMCNGnPvrvOETSZYXlqwF2jCZjKyH39OAgswiVeL7mT26Zjb9lKQhEJrL3 root@ubuntu-xenial
-----END SSH HOST KEY KEYS-----
[   68.204822] cloud-init[1513]: Cloud-init v. 18.3-9-g2e62cb8a-0ubuntu1~16.04.2 running 'modules:final' at Mon, 26 Nov 2018 04:39:20 +0000. Up 68.06 seconds.
[   68.204998] cloud-init[1513]: ci-info: no authorized ssh keys fingerprints found for user ubuntu.
[   68.205107] cloud-init[1513]: Cloud-init v. 18.3-9-g2e62cb8a-0ubuntu1~16.04.2 finished at Mon, 26 Nov 2018 04:39:20 +0000. Datasource DataSourceNoCloud [seed=/dev/sdb][dsmode=net].  Up 68.19 seconds
