[   .0000]niialinggrousuyscpus
   0000]Initling coususys u[    0000] Itiizng cgrp bsyscpuacc
[  0.000] Luxersi 4.0137-nec (bldlg01-a6437) (g vsin 5.0 1606 (unu 5.0-bunt~10410) #1-Ubuu P on S 213:143TC2018Ubtu 4.037163-neric .4.144
[   0000] Cma lne: BOOT_IMAGE=/boot/vmlinuz-4.4.0-137-generic root=LABEL=cloudimg-rootfs ro console=tty1 console=ttyS0
[    0.000000] KERNEL supported cpus:
[    0.000000]   Intel GenuineIntel
[    0.000000]   AMD AuthenticAMD
[    0.000000]   Centaur CentaurHauls
[    0.000000] x86/fpu: xstate_offset[2]:  576, xstate_sizes[2]:  256
[    0.0000x86/u:uportingSA fearex01: 'x8 fatng pntegisrs
[   0000] x/f: uppoinXSAVfeur 0x0 'E rests'
[  0.0000x8/fpu: SupporngXSAVE ate 0x: VXrests'
[  0.0000x8fp: Enbl xtate ftus 0x cntxt sizis32 byt, ing taar' foat
[  0.000] e0:IOS-ovedphysalAM m:[    0000] BS-20 [me0x000000000-0x000000fb] sabl
[  0.00] IOS-20[memx0000000fc-0x0000009ff] serv
  0.0000] OS-e0:me 0x0000000000x00000000ffff] rervd
[  0000] OSe820: emx00000010000x00000ffff] usle
[    00000]IOe820: [mm 000000ff000-000007ffff ACPda
    0000] OS82: [mm 0x000000c0000x0000fec0ffreerve
[  0.00] IOS-20[mem 00000fee000x00000ee0fff] seed
  .00000] OS820:me0x0000ff0000x00000ffff] rerv
[   0.00000]NX (ece Dibl poteconacti
  0.0000SMBI 2 pesen
   0000]Hypeis dette KM
[  0000] 20 laspf= 0xffma_arcpf= 0x0000
[  00000 MRR: Disabled
[   00000 x/PT: MRsisabd,kipingATnitiizio too
[    0.000000] CPU MTRRs all blank - virtualized system.
[    0.000000] x86/PAT: Configuration [0-7]: WB  WT  UC- UC  WB  WT  UC- UC  
[    0.000000] found SMP MP-table at [mem 0x0009fff0-0x0009ffff] mapped at [ffff88000009fff0]
[    0.000000] Scanning 1 areas for low memory corruption
[    0.000000] RAMDISK: [mem 0x3630a000-0x3717cfff]
[    0.000000] ACPI: Early table checksum verification disabled
[    0.000000] ACPI: RSDP 0x00000000000E0000 000024 (v02 VBOX  )
[    0.000000] ACPI: XSDT 0x000000007FFF0030 00003C (v01 VBOX   VBOXXSDT 00000001 ASL  00000061)
[    0.000000] ACPI: FACP 0x000000007FFF00F0 0000F4 (v04 VBOX   VBOXFACP 00000001 ASL  00000061)
[    0.000000] ACPI: DSDT 0x000000007FFF0470 0021FF (v02 VBOX   VBOXBIOS 00000002 INTL 20180105)
[    0.000000] ACPI: FACS 0x000000007FFF0200 000040
[    0.000000] ACPI: FACS 0x000000007FFF0200 000040
[    0.000000] ACPI: APIC 0x000000007FFF0240 00005C (v02 VBOX   VBOXAPIC 00000001 ASL  00000061)
[    0.000000] ACPI: SSDT 0x000000007FFF02A0 0001CC (v01 VBOX   VBOXCPUT 00000002 INTL 20180105)
[    0.000000] No NUMA configuration found
[    0.000000] Faking a node at [mem 0x0000000000000000-0x000000007ffeffff]
[    0.000000] NODE_DATA(0) allocated [mem 0x7ffeb000-0x7ffeffff]
[    0.000000] kvm-clock: Using msrs 4b564d01 and 4b564d00
[    0.000000] kvm-clock: cpu 0, msr 0:7ffe3001, primary cpu clock
[    0.000000] kvm-clock: using sched offset of 3265840670 cycles
[    0.000000] clocksource: kvm-clock: mask: 0xffffffffffffffff max_cycles: 0x1cd42e4dffb, max_idle_ns: 881590591483 ns
[    0.000000] Zone ranges:
[    0.000000]   DMA      [mem 0x0000000000001000-0x0000000000ffffff]
[    0.000000]   DMA32    [mem 0x0000000001000000-0x000000007ffeffff]
[    0.000000]   Normal   empty
[    0.000000]   Device   empty
[    0.000000] Movable zone start for each node
[    0.000000] Early memory node ranges
[    0.000000]   node   0: [mem 0x0000000000001000-0x000000000009efff]
[    0.000000]   node   0: [mem 0x0000000000100000-0x000000007ffeffff]
[    0.000000] Initmem setup node 0 [mem 0x0000000000001000-0x000000007ffeffff]
[    0.000000] ACPI: PM-Timer IO Port: 0x4008
[    0.000000] IOAPIC[0]: apic_id 2, version 32, address 0xfec00000, GSI 0-23
[    0.000000] ACPI: INT_SRC_OVR (bus 0 bus_irq 0 global_irq 2 dfl dfl)
[    0.000000] ACPI: INT_SRC_OVR (bus 0 bus_irq 9 global_irq 9 low level)
[    0.000000] Using ACPI (MADT) for SMP configuration information
[    0.000000] smpboot: Allowing 2 CPUs, 0 hotplug CPUs
[    0.000000] PM: Registered nosave memory: [mem 0x00000000-0x00000fff]
[    0.000000] PM: Registered nosave memory: [mem 0x0009f000-0x0009ffff]
[   0.000000] PM: Registered nosave memory: [mem 0x000a0000-0x000effff]
[    0..000000] PM: Registered nosave memory: [mem 0x000f0000-0x000fffff]
[    0.000000] e820: [mem 0x80000000-0xfebfffff] available for PCI devices
[    0.000000] Booting paravirtualized kernel on KVM
[    0.000000] clocksource: refined-jiffies: mask: 0xffffffff max_cycles: 0xffffffff, max_idle_ns: 7645519600211568 ns
[    0.000000] setup_percpu: NR_CPUS:512 nr_cpumask_bits:512 nr_cpu_ids:2 nr_node_ids:1
[    0.000000] PERCPU: Embedded 34 pages/cpu @ffff88007fc00000 s99608 r8192 d31464 u1048576
[    0.000000] PV qspinlock hash table entries: 256 (order: 0, 4096 bytes)
[    0.000000] Built 1 zonelists in Node order, mobility grouping on.  Total pages: 515960
[    0.000000] Policy zone: DMA32
[    0.000000] Kernel command line: BOOT_IMAGE=/boot/vmlinuz-4.4.0-137-generic root=LABEL=cloudimg-rootfs ro console=tty1 console=ttyS0
[    0.000000] PID hash table entries: 4096 (order: 3, 32768 bytes)
[    0.000000] Memory: 2029900K/2096696K available (8555K kernel code, 1314K rwdata, 4004K rodata, 1528K init, 1316K bss, 66796K reserved, 0K cma-reserved)
[    0.000000] SLUB: HWalign=64, Order=0-3, MinObjects=0, CPUs=2, Nodes=1
[    0.000000] Kernel/User page tables isolation: enabled
[    0.000000] Hierarchical RCU implementation.
[    0.000000] 	Build-time adjustment of leaf fanout to 64.
[    0.000000] 	RCU restricting CPUs from NR_CPUS=512 to nr_cpu_ids=2.
[    0.000000] RCU: Adjusting geometry for rcu_fanout_leaf=64, nr_cpu_ids=2
[    0.000000] NR_IRQS:33024 nr_irqs:440 16
[    0.000000] Console: colour VGA+ 80x25
[    0.000000] console [tty1] enabled
[    0.000000] console [ttyS0] enabled
[    0.000000] tsc: Detected 3000.000 MHz processor
[    8.136967] Calibrating delay loop (skipped) preset value.. 6000.00 BogoMIPS (lpj=12000000)
[    8.138199] pid_max: default: 32768 minimum: 301
[    8.138856] ACPI: Core revision 20150930
[    8.140222] ACPI: 2 ACPI AML tables successfully acquired and loaded
[    8.141218] Security Framework initialized
[    8.141821] Yama: becoming mindful.
[    8.142372] AppArmor: AppArmor initialized
[    8.143417] Dentry cache hash table entries: 262144 (order: 9, 2097152 bytes)
[    8.144567] Inode-cache hash table entries: 131072 (order: 8, 1048576 bytes)
[    8.145955] Mount-cache hash table entries: 4096 (order: 3, 32768 bytes)
[    8.146816] Mountpoint-cache hash table entries: 4096 (order: 3, 32768 bytes)
[    8.147830] Initializing cgroup subsys io
[    8.148453] Initializing cgroup subsys memory
[    8.149085] Initializing cgroup subsys devices
[    8.149721] Initializing cgroup subsys freezer
[    8.150357] Initializing cgroup subsys net_cls
[    8.150992] Initializing cgroup subsys perf_event
[    8.151651] Initializing cgroup subsys net_prio
[    8.152310] Initializing cgroup subsys hugetlb
[    8.152950] Initializing cgroup subsys pids
[    8.154583] mce: CPU supports 0 MCE banks
[    8.155194] Last level iTLB entries: 4KB 128, 2MB 8, 4MB 8
[    8.155931] Last level dTLB entries: 4KB 64, 2MB 0, 4MB 0, 1GB 4
[    8.156770] Spectre V2 : Mitigation: Full generic retpoline
[   8157588] Spectre V2 : Spectre v2 mitigation: Speculation control IBPB not-supported IBRS not-supported
[    8.184749] Spectre V2 : Spectre v2 / SpectreRSB mitigation: Filling RSB on context switch
[    8.186140] Speculative Store Bypass: Vulnerable
[    8.188930] Freeing SMP alternatives memory: 32K
[    8.330890] ftrace: allocating 32265 entries in 127 pages
[    8.534392] smpboot: APIC(0) Converting physical 0 to logical package 0
[    8.730900] smpboot: Max logical packages: 1
[    8.825749] x2apic enabled
[    8.905696] Switched APIC routing to physical x2apic.
[    9.049648] ..TIMER: vector=0x30 apic1=0 pin1=2 apic2=-1 pin2=-1
[    9.324116] smpboot: CPU0: Intel(R) Core(TM) i5-7400 CPU @ 3.00GHz (family: 0x6, model: 0x9e, stepping: 0x9)
[    9.598662] Performance Events: unsupported p6 CPU model 158 no PMU driver, software events only.
[    9.640883] KVM setup paravirtual spinlock
[    9.642469] x86: Booting SMP configuration:
[    9.644565] .... node  #0, CPUs:      #1
[    9.646403] kvm-clock: cpu 1, msr 0:7ffe3041, secondary cpu clock
[    9.648014] mce: CPU supports 0 MCE banks
[    9.668680] x86: Booted up 1 node, 2 CPUs
[    9.672984] smpboot: Total of 2 processors activated (12000.00 BogoMIPS)
[    9.674215] devtmpfs: initialized
[    9.676144] evm: security.selinux
[    9.676714] evm: security.SMACK64
[    9.768191] evm: security.SMACK64EXEC
[    9.866843] evm: security.SMACK64TRANSMUTE
[    9.888680] evm: security.SMACK64MMAP
[    9.889287] evm: security.ima
[    9.889783] evm: security.capability
[    9.890619] clocksource: jiffies: mask: 0xffffffff max_cycles: 0xffffffff, max_idle_ns: 7645041785100000 ns
[    9.891973] futex hash table entries: 512 (order: 3, 32768 bytes)
[    9.893097] pinctrl core: initialized pinctrl subsystem
[    9.893908] RTC time: 11:22:17, date: 11/24/18
[    9.894713] NET: Registered protocol family 16
[    9.904469] cpuidle: using governor ladder
[   10.040183] cpuidle: using governor menu
[   10.151633] PCCT header not found.
[   10.252250] ACPI: bus type PCI registered
[   10.370126] acpiphp: ACPI Hot Plug PCI Controller Driver version: 0.5
[   10.537758] PCI: Using configuration type 1 for base access
[   10.709456] ACPI: Added _OSI(Module Device)
[   10.794810] ACPI: Added _OSI(Processor Device)
[   10.893556] ACPI: Added _OSI(3.0 _SCP Extensions)
[   10.946987] ACPI: Added _OSI(Processor Aggregator Device)
[   11.050657] ACPI: Executed 1 blocks of module-level executable AML code
[   11.220191] ACPI: Interpreter enabled
[   11.320689] ACPI: (supports S0 S5)
[   11.403628] ACPI: Using IOAPIC for interrupt routing
[   11.440966] PCI: Using host bridge windows from ACPI; if necessary, use "pci=nocrs" and report a bug
[   11.445254] ACPI: PCI Root Bridge [PCI0] (domain 0000 [bus 00-ff])
[   11.620583] acpi PNP0A03:00: _OSC: OS supports [ASPM ClockPM Segments MSI]
[   11.773440] acpi PNP0A03:00: _OSC: not requesting OS control; OS requires [ExtendedConfig ASPM ClockPM MSI]
[   12.029001] acpi PNP0A03:00: fail to add MMCONFIG information, can't access extended PCI configuration space under this bridge.
[   12.291933] PCI host bridge to bus 0000:00
[   12.376587] pci_bus 0000:00: root bus resource [io  0x0000-0x0cf7 window]
[   12.377479] pci_bus 0000:00: root bus resource [io  0x0d00-0xffff window]
[   12.378354] pci_bus 0000:00: root bus resource [mem 0x000a0000-0x000bffff window]
[   12.379455] pci_bus 0000:00: root bus resource [mem 0x80000000-0xfdffffff window]
[   12.380588] pci_bus 0000:00: root bus resource [bus 00-ff]
[   12.382527] pci 0000:00:01.1: legacy IDE quirk: reg 0x10: [io  0x01f0-0x01f7]
[   12.383437] pci 0000:00:01.1: legacy IDE quirk: reg 0x14: [io  0x03f6]
[   12.384285] pci 0000:00:01.1: legacy IDE quirk: reg 0x18: [io  0x0170-0x0177]
[   12.556897] pci 0000:00:01.1: legacy IDE quirk: reg 0x1c: [io  0x0376]
[   12.787556] pci 0000:00:07.0: quirk: [io  0x4000-0x403f] claimed by PIIX4 ACPI
[   12.954957] pci 0000:00:07.0: quirk: [io  0x4100-0x410f] claimed by PIIX4 SMB
[   13.151453] ACPI: PCI Interrupt Link [LNKA] (IRQs 5 9 10 *11)
[   13.313756] ACPI: PCI Interrupt Link [LNKB] (IRQs 5 9 *10 11)
[   13.456480] ACPI: PCI Interrupt Link [LNKC] (IRQs 5 *9 10 11)
[   13.601074] ACPI: PCI Interrupt Link [LNKD] (IRQs 5 9 10 *11)
[   13.734206] ACPI: Enabled 2 GPEs in block 00 to 07
[   13.871238] vgaarb: setting as boot device: PCI:0000:00:02.0
[   14.014412] vgaarb: device added: PCI:0000:00:02.0,decodes=io+mem,owns=io+mem,locks=none
[   14.181947] vgaarb: loaded
[   14.234225] vgaarb: bridge control possible 0000:00:02.0
[   14.356729] SCSI subsystem initialized
[   14.450367] ACPI: bus type USB registered
[   14.562841] usbcore: registered new interface driver usbfs
[   14.722540] usbcore: registered new interface driver hub
[   14.872851] usbcore: registered new device driver usb
[   15.006390] PCI: Using ACPI for IRQ routing
[   15.105271] NetLabel: Initializing
[   15.207332] NetLabel:  domain hash size = 128
[   15.295255] NetLabel:  protocols = UNLABELED CIPSOv4
[   15.428966] NetLabel:  unlabeled traffic allowed by default
[   15.593423] amd_nb: Cannot enumerate AMD northbridges
[   15.744573] clocksource: Switched to clocksource kvm-clock
[   15.899695] AppArmor: AppArmor Filesystem Enabled
  6.76] p:nPCPin
  6.81] p:PnP ACPI: found 3 devices
[   16.837949] clocksource: acpi_p::mmask: 0xffffff max_yyllss: 0xffffff, max_idle_ns: 2085701024 ns
[   775596838] NET: Registered protocol family 2
[   17.936727] TCP established hash table entries: 16384 (order: 5, 131072 bytes)
[   17.937886] TCP bind hash table entries: 16384 (order: 6, 262144 bytes)
[   17.938762] TCP: Hash tables configured (established 16384 bind 16384)
[   17.939625] UDP hash table entries: 1024 (order: 3, 32768 bytes)
[   17.940459] UDP-Lite hash table entries: 1024 (order: 3, 32768 bytes)
[   17.941340] NET: Registered protocol family 1
[   17.941989] pci 0000:00:00.0: Limiting direct PCI/PCI transfers
[   17.942794] pci 0000:00:01.0: Activating ISA DMA hang workarounds
[   17.943709] Unpacking initramfs...
[   18.115618] Freeing initrd memory: 14796K
[   18.416750] platform rtc_cmos: registered platform RTC device (no PNP device found)
[   18.417904] Scanning for low memory corruption every 60 seconds
[   18.419165] audit: initializing netlink subsys (disabled)
[   18.419922] audit: type=2000 audit(1543058534.947:1): initialized
[   18.716868] Initialise system trusted keyring
[   18.757029] HugeTLB registered 2 MB page size, pre-allocated 0 pages
[   18.758941] zbud: loaded
[   18.759712] VFS: Disk quotas dquot_6.6.0
[   18.760354] VFS: Dquot-cache hash table entries: 512 (order 0, 4096 bytes)
[   18.762265] squashfs: version 4.0 (2009/01/31) Phillip Lougher
[   18.764067] fuse init (API version 7.23)
[   18.764914] Key type big_key registered
[   18.765521] Allocating IMA MOK and blacklist keyrings.
[   18.767038] Key type asymmetric registered
[   18.767677] Asymmetric key parser 'x509' registered
[   18.768420] Block layer SCSI generic (bsg) driver version 0.4 loaded (major 249)
[   18.769563] io scheduler noop registered
[   18.770158] io scheduler deadline registered (default)
[   18.770892] io scheduler cfq registered
[   887771552] pci_hotplug: PCI Hot Plug PCI Core version: 0.5
[   18.836917] pciehp: PCI Express Hot Plug Controller Driver version: 0.4
[   18.837945] ACPI: AC Adapter [AC] (on-line)
[   18.838604] input: Power Button as /devices/LNXSYSTM:00/LNXPWRBN:00/input/input0
[   18.839731] ACPI: Power Button [PWRF]
[   18.840346] input: Sleep Button as /devices/LNXSYSTM:00/LNXSLPBN:00/input/input1
[   18.841469] ACPI: Sleep Button [SLPF]
[   18.842230] GHES: HEST is not enabled!
[   18.842868] Serial: 8250/16550 driver, 32 ports, IRQ sharing enabled
[   18.865163] 00:02: ttyS0 at I/O 0x3f8 (irq = 4, base_baud = 115200) is a 16550A
[   18.937940] Linux agpgart interface v0.103
[   18.940402] loop: module loaded
[   19.037134] scsi host0: ata_piix
[   19.037792] scsi host1: ata_piix
[   19.038342] ata1: PATA max UDMA/33 cmd 0x1f0 ctl 0x3f6 bmdma 0xd000 irq 14
[   19.039221] ata2: PATA max UDMA/33 cmd 0x170 ctl 0x376 bmdma 0xd008 irq 15
[   19.040163] libphy: Fixed MDIO Bus: probed
[   19.040858] tun: Universal TUN/TAP device driver, 1.6
[   19.046828] tun: (C) 1999-2004 Max Krasnyansky <maxk@qualcomm.com>
[   19.047683] PPP generic driver version 2.4.2
[   19.048356] ehci_hcd: USB 2.0 'Enhanced' Host Controller (EHCI) Driver
[   19.049233] ehci-pci: EHCI PCI platform driver
[   19.049889] ehci-platform: EHCI generic platform driver
[   19.050613] ohci_hcd: USB 1.1 'Open' Host Controller (OHCI) Driver
[   19.051426] ohci-pci: OHCI PCI platform driver
[   19.052073] ohci-platform: OHCI generic platform driver
[   19.052800] uhci_hcd: USB Universal Host Controller Interface driver
[   19.053688] i8042: PNP: PS/2 Controller [PNP0303:PS2K,PNP0f03:PS2M] at 0x60,0x64 irq 1,12
[   19.055253] serio: i8042 KBD port at 0x60,0x64 irq 1
[   19.055950] serio: i8042 AUX port at 0x60,0x64 irq 12
[   19.108921] mousedev: PS/2 mouse device common for all mice
[   19.556629] tsc: Refined TSC clocksource calibration: 3000.861 MHz
[   19.557450] clocksource: tsc: mask: 0xffffffffffffffff max_cycles: 0x2b41727ac01, max_idle_ns: 440795219684 ns
[   19.559135] rtc_cmos rtc_cmos: rtc core: registered rtc_cmos as rtc0
[   19.560021] rtc_cmos rtc_cmos: alarms up to one day, 114 bytes nvram
[   19.560898] i2c /dev entries driver
[   19.561551] input: AT Translated Set 2 keyboard as /devices/platform/i8042/serio0/input/input2
[   19.562804] device-mapper: uevent: version 1.0.3
[   19.596934] device-mapper: ioctl: 4.34.0-ioctl (2015-10-28) initialised: dm-devel@redhat.com
[   19.598174] ledtrig-cpu: registered oo indicate activity on CPUs
[   19.777152] NET: Registered protocol family 10
[   19.777975] NET: Registered protocol family 17
[   19.778627] Key type dns_resolver registered
[   19.779442] registered taskstats version 1
[   19.780063] Loading compiled-in X.509 certificates
[   19.781317] Loaded X.509 cert 'Build time autogenerated kernel key: 20acc96b50ca7641011eace69d32209215a9b56f'
[   19.782686] zswap: loaded using pool lzo/zbud
[   19.784806] Key type trusted registered
[   19.787628] Key type encrypted registered
[   19.788235] AppArmor: AppArmor sha1 policy hashing enabled
[   19.789026] ima: No TPM chip found, activating TPM-bypass!
[   19.789766] ima: Allocated hash algorithm: sha1
[   19.790419] evm: HMAC attrs: 0x1
[   19.791242]   Magic number: 10:822:378
[   19.791901] rtc_cmos rtc_cmos: setting system clock to 2018-11-24 11:22:27 UTC (1543058547)
[   19.793282] BIOS EDD facility v0.16 2004-Jun-25, 0 devices found
[   19.816965] EDD information not available.
[   19.818614] Freeing unused kernel memory: 1528K
[   19.828769] Write protecting the kernel read-only data: 14336k
[   20.357088] Freeing unused kernel memory: 1672K
[   20.596900] Freeing unused kernel memory: 92K
Loading, please wait...
starting version[   20.608801] random: systemd-udevd: uninitialized urandom read (16 bytes read, 5 bits of entropy available)
 229
[   20.609332] random: udevadm: uninitialized urandom read (16 bytes read, 5 bits of entropy available)
[   20.609350] random: udevadm: uninitialized urandom read (16 bytes read, 5 bits of entropy available)
[   20.615619] random: udevadm: uninitialized urandom read (16 bytes read, 5 bits of entropy available)
[   20.615653] random: udevadm: uninitialized urandom read (16 bytes read, 5 bits of entropy available)
[   20.615755] random: udevadm: uninitialized urandom read (16 bytes read, 5 bits of entropy available)
[   20.615792] random: udevadm: uninitialized urandom read (16 bytes read, 5 bits of entropy available)
[   20.615829] random: udevadm: uninitialized urandom read (16 bytes read, 5 bits of entropy available)
[   20.615866] random: udevadm: uninitialized urandom read (16 bytes read, 5 bits of entropy available)
[   20.615901] random: udevadm: uninitialized urandom read (16 bytes read, 5 bits of entropy available)
[   20.764818] e1000: Intel(R) PRO/1000 Network Driver - version 7.3.21-k8-NAPI
[   21.046587] e1000: Copyright (c) 1999-2006 Intel Corporation.
[   21.281979] Fusion MPT base driver 3.04.20
[   21.446517] Copyright (c) 1999-2008 LSI Corporation
[   21.505888] Fusion MPT SPI Host driver 3.04.20
[   21.659167] AVX2 version of gcm_enc/dec engaged.
[   21.676850] AES CTR mode by8 optimization enabled
[   21.881633] input: ImExPS/2 Generic Explorer Mouse as /devices/platform/i8042/serio1/input/input4
[   21.971783] e1000 0000:00:03.0 eth0: (PCI:33MHz:32-bit) 02:20:67:8c:d5:af
[   22.037723] e1000 0000:00:03.0 eth0: Intel(R) PRO/1000 Network Connection
[   22.367747] e1000 0000:00:08.0 eth1: (PCI:33MHz:32-bit) 08:00:27:5e:b3:68
[   22.708544] e1000 0000:00:08.0 eth1: Intel(R) PRO/1000 Network Connection
[   23.035740] e1000 0000:00:09.0 eth2: (PCI:33MHz:32-bit) 08:00:27:81:15:4c
[   23.755608] e1000 0000:00:09.0 eth2: Intel(R) PRO/1000 Network Connection
[   23.757611] e1000 0000:00:03.0 enp0s3: renamed from eth0
[   23.927059] mptbase: ioc0: Initiating bringup
[   24.032810] e1000 0000:00:09.0 enp0s9: renamed from eth2
[   24.328885] e1000 0000:00:08.0 enp0s8: renamed from eth1
[   24.364783] ioc0: LSI53C1030 A0: Capabilities={Initiator}
[   24.629288] scsi host2: ioc0: LSI53C1030 A0, FwRev=00000000h, Ports=1, MaxQ=256, IRQ=20
[   25.129552] scsi 2:0:0:0: Direct-Access     VBOX     HARDDISK         1.0  PQ: 0 ANSI: 5
[   25.373659] scsi target2:0:0: Beginning Domain Validation
[   25.537829] scsi target2:0:0: Domain Validation skipping write tests
[   25.630111] scsi target2:0:0: Ending Domain Validation
[   25.638760] scsi target2:0:0: asynchronous
[   26.414134] scsi 2:0:1:0: Direct-Access     VBOX     HARDDISK         1.0  PQ: 0 ANSI: 5
[   27.586169] scsi target2:0:1: Beginning Domain Validation
[   27.593028] scsi target2:0:1: Domain Validation skipping write tests
[   27.593855] scsi target2:0:1: Ending Domain Validation
[   27.594587] scsi target2:0:1: asynchronous
[   27.599198] sd 2:0:0:0: Attached scsi generic sg0 type 0
[   27.599985] sd 2:0:0:0: [sda] 20971520 512-byte logical blocks: (10.7 GB/10.0 GiB)
[   27.601499] sd 2:0:1:0: Attached scsi generic sg1 type 0
[   27.602289] sd 2:0:0:0: [sda] Write Protect is off
[   27.602427] sd 2:0:1:0: [sdb] 20480 512-byte logical blocks: (10.5 MB/10.0 MiB)
[   27.602780] sd 2:0:1:0: [sdb] Write Protect is off
[   27.602836] sd 2:0:1:0: [sdb] Incomplete mode parameter data
[   27.602837] sd 2:0:1:0: [sdb] Assuming drive cache: write through
[   27.606942] sd 2:0:0:0: [sda] Incomplete mode parameter data
[   27.607715] sd 2:0:0:0: [sda] Assuming drive cache: write through
[   27.631125]  sda: sda1
[   27.632310] sd 2:0:1:0: [sdb] Attached SCSI disk
[   27.947944] sd 2:0:0:0: [sda] Attached SCSI disk
Begin: Loading e[   29.223386] md: linear personality registered for level -1
ssential drivers[   29.406765] md: multipath personality registered for level -4
 ... [   29.908958] md: raid0 personality registered for level 0
[   30.077326] md: raid1 personality registered for level 1
[   30.296238] raid6: sse2x1   gen() 13623 MB/s
[   30.676233] raid6: sse2x1   xor()  9921 MB/s
[   31.046218] raid6: sse2x2   gen() 14595 MB/s
[   31.336832] raid6: sse2x2   xor()  9832 MB/s
[   31.716933] raid6: sse2x4   gen() 17112 MB/s
[   32.016724] raid6: sse2x4   xor() 11275 MB/s
[   32.326722] raid6: avx2x1   gen() 24965 MB/s
[   32.700397] raid6: avx2x2   gen() 27746 MB/s
[   33.036215] raid6: avx2x4   gen() 30882 MB/s
[   33.308234] raid6: using algorithm avx2x4 gen() 30882 MB/s
[   33.606529] raid6: using avx2x2 recovery algorithm
[   33.943879] xor: automatically using best checksumming function:
[   34.144610]    avx       : 25767.000 MB/sec
[   34.271591] async_tx: api initialized (async)
[   34.622763] md: raid6 personality registered for level 6
[   34.716853] md: raid5 personality registered for level 5
[   34.717584] md: raid4 personality registered for level 4
[   34.722575] md: raid10 personality registered for level 10
done.
Begin: Running /scripts/init-p[   34.909471] Btrfs loaded
remount ... done.
Begin: Mounting root file system ... Begin: Running /scripts/local-top ... done.
Begin: Running /scripts/local-premount ... Scanning for Btrfs filesystems
done.
Warning: fsck no[   35.029882] EXT4-fs (sda1): mounted filesystem with ordered data mode. Opts: (null)
t present, so skipping root file system
done.
Begin: Running /scripts/local-bottom ... done.
Begin: Running /scripts/init-bottom ... done.
[   35.668671] systemd[1]: systemd 229 running in system mode. (+PAM +AUDIT +SELINUX +IMA +APPARMOR +SMACK +SYSVINIT +UTMP +LIBCRYPTSETUP +GCRYPT +GNUTLS +ACL +XZ -LZ4 +SECCOMP +BLKID +ELFUTILS +KMOD -IDN)
[   35.949218] systemd[1]: Detected virtualization oracle.
[   35.949973] systemd[1]: Detected architecture x86-64.

Welcome to [1mUbuntu 16.04.5 LTS[0m!

[   36.013742] systemd[1]: Set hostname to <ubuntu>.
[   36.157929] random: nonblocking pool is initialized
[ 363843] systemd[1]: Initializing machine ID from random generator.
[   36.843056] systemd[1]: Installed transient /etc/machine-id file.
[   37.565473] systemd[1]: Reached target System Time Synchronized.
[[0;32m  OK  [0m] Reached target System Time Synchronized.
[   37.781047] systemd[1]: Listening on udev Kernel Socket.
[[0;32m  OK  [0m] Listening on udev Kernel Socket.
[ 38137]ysmd]:reedli User and Session Slice.
[[0;32m  OK  [0m] Created slice User and Session Slice.
[  38.692975] systemd[1]: Listening on Journal Audit Socket.
[[0;32m  OK  [0m] Listening on Journal Audit Socket.
[   38.958558] systemd[1]: Reached target Swap.
[[0;32m  OK  [0m] Reached target Swap.
[   38.960188] systemd[1]: Created slice System Slice.
[[0;32m  OK  [0m] Created slice System Slice.
[   38.961947] systemd[1]: Created slice system-serial\x2dgetty.slice.
[[0;32m  OK  [0m] Created slice system-serial\x2dgetty.slice.
[   38.963728] systemd[1]: Listening on Journal Socket (/dev/log).
[[0;32m  OK  [0m] Listening on Journal Socket (/dev/log).
[   38.965491] systemd[1]: Listening on Journal Socket.
[[0;32m  OK  [0m] Listening on Journal Socket.
[   38.976773] systemd[1]: Starting Set console keymap...
         Starting Set console keymap...
[   39.167063] systemd[1]: Starting Remount Root and Kernel File Systems...
         [   39.390190] EXT4-fs (sda1): re-mounted. Opts: (null)
Starting Remount Root and Kernel File Systems...
[   39.701014] systemd[1]: Starting Nameserver information manager...
         Starting Nameserver information manager...
[   39.912954] systemd[1]: Mounting Debug File System...
         Mounting Debug File System...
[   40.137248] systemd[1]: Starting Load Kernel Modules...
         Starting Load Kernel Modules...[   40.327761] Loading iSCSI transport class v2.0-870.

[   40.860860] systemd[1]: Mounting POSIX Message Queue File System...
         Mounting POSIX M[   41.038587] iscsi: registered transport (tcp)
essage Queue File System...
[   41.556829] systemd[1]: Set up automount Arbitrary Executable File Formats File System Automount Point.
[[0;32m  OK  [0m] Set up automount Arbitrary Executab...ats Fil[   41.604579] iscsi: registered transport (iser)
e System Automount Point.
[   41.868805] systemd[1]: Starting Create list of required static device nodes for the current kernel...
         Starting Create list of required st... nodes for the current kernel...
[ 42336]ysmd]:isening on /dev/initctl Compatiblity Named Pipe.
[[0;32m  OK  [0m] Listening on /dev/initctl Compatibility Named Pipe.
[   42.877057] systemd[1]: Starting Uncomplicated firewall...
         Starting Uncomplicated firewall...
[   42.946876] systemd[1]: Listening on Device-mapper event daemon FIFOs.
[[0;32m  OK  [0m] Listening on Device-mapper event daemon FIFOs.
[   42.948790] systemd[1]: Reached target Encrypted Volumes.
[[0;32m  OK  [0m] Reached target Encrypted Volumes.
[   42.950439] systemd[1]: Listening on udev Control Socket.
[[0;32m  OK  [0m] Listening on udev Control Socket.
[   42.952316] systemd[1]: Listening on LVM2 metadata daemon socket.
[[0;32m  OK  [0m] Listening on LVM2 metadata daemon socket.
[   42.957127] systemd[1]: Starting Monitoring of LVM2 mirrors, snapshots etc. using dmeventd or progress polling...
         Starting Monitoring of LVM2 mirrors... dmeventd or progress polling...
[   43.164763] systemd[1]: Listening on Syslog Socket.
[[0;32m  OK  [0m] Listening on Syslog Socket.
[   43.166791] systemd[1]: Starting Journal Service...
         Starting Journal Service...
[   43.169165] systemd[1]: Reached target User and Group Name Lookups.
[[0;32m  OK  [0m] Reached target User and Group Name Lookups.
[   43.170986] systemd[1]: Started Forward Password Requests to Wall Directory Watch.
[[0;32m  OK  [0m] Started Forward Password Requests to Wall Directory Watch.
[   43.173219] systemd[1]: Listening on LVM2 poll daemon socket.
[[0;32m  OK  [0m] Listening on LVM2 poll daemon socket.
[   43.174878] systemd[1]: Reached target Slices.
[[0;32m  OK  [0m] Reached target Slices.
[   43.204833] systemd[1]: Mounting Huge Pages File System...
         Mounting Huge Pages File System...
[   43.412902] systemd[1]: Started Trigger resolvconf update for networkd DNS.
[[0;32m  OK  [0m] Started Trigger resolvconf update for networkd DNS.
[   43.734655] systemd[1]: Mounted Huge Pages File System.
[[0;32m  OK  [0m] Mounted Huge Pages File System.
[ 4393701] systemd[1 Mnt PIXesgeueue Fe st.
[[0;32m  OK  [0m] Mounted POSIX Message Queue File System.
[   44.694 systemd[1 Mnt Dbug File Sysm.
[[0;32m  OK  [0m] Mounted Debug File System.
[   45.080847] systemd[1]: Started Journal Service.
[[0;32m  OK  [0m] Started Journal Service.
[[0;32m  OK  [0m] Started Set console keymap.
[[0;32m  OK  [0m] Started Remount Root and Kernel File Systems.
[[0;32m  OK  [0m] Started Load Kernel Modules.
[[0;32m  OK  [0m] Started Create list of required sta...ce nodes for the current kernel.
[[0;32m  OK  [0m] Started Uncomplicated firewall.
[[0;32m  OK  [0m] Started Nameserver information manager.
[[0;32m  OK  [0m] Started LVM2 metadata daemon.
         Starting Create Static Device Nodes in /dev...
         Starting Apply Kernel Variables...
         Mounting FUSE Control File System...
         Starting udev Coldplug all Devices...
         Starting Load/Save Random Seed...
         Starting Flush Journal to Persistent Storage...
[[0;32m  OK  [0m] Mounted FUSE Control File System.
[[0;32m  OK  [0m] Started Monitoring of LVM2 mirrors,...ng dmeventd or progress polling.
[[0;32m  OK  [0m] Started Create Static Device Nodes in /dev.
[[0;32m  OK  [0m] Started Apply Kernel Variables.
[[0;32m  OK  [0m] Started Load/Save Random Seed.
[[0;32m  OK  [0m] Started udev Coldplug all Devices.
         Starting udev Kernel Device Manager...
[[0;32m  OK  [0m] Started Flush Journal to Persistent Storage.
[[0;32m  OK  [0m] Started udev Kernel Device Manager.
[[0;32m  OK  [0m] Started Dispatch Password Requests to Console Directory Watch.
[[0;32m  OK  [0m] Reached target Local File Systems (Pre).
[[0;32m  OK  [0m] Reached target Local File Systems.
         Starting Tell Plymouth To Write Out Runtime Data...
         Starting LSB: AppArmor initialization...
         Starting Initial cloud-init job (pre-networking)...
         Starting Commit a transient machine-id on disk...
         Starting Set console font and keymap...
         Starting Create Volatile Files and Directories...
[[0;32m  OK  [0m] Started Tell Plymouth To Write Out Runtime Data.
[[0;32m  OK  [0m] Started Commit a transient machine-id on disk.
[[0;32m  OK  [0m] Started Create Volatile Files and Directories.
[[0;32m  OK  [0m] Found device /dev/ttyS0.
[[0;32m  OK  [0m] Started Set console font and keymap.
[[0;32m  OK  [0m] Listening on Load/Save RF Kill Switch Status /dev/rfkill Watch.
[[0;32m  OK  [0m] Created slice system-getty.slice.
         Starting Update UTMP about System Boot/Shutdown...
[[0;32m  OK  [0m] Started Update UTMP about System Boot/Shutdown.
[[0;32m  OK  [0m] Started LSB: AppArmor initialization.
[   34.802513] cloud-init[587]: Cloud-init v. 18.3-9-g2e62cb8a-0ubuntu1~16.04.2 running 'init-local' at Sat, 24 Nov 2018 11:22:57 +0000. Up 34.38 seconds.
[[0;32m  OK  [0m] Started Initial cloud-init job (pre-networking).
[[0;32m  OK  [0m] Reached target Network (Pre).
         Starting Raise network interfaces...
[[0;32m  OK  [0m] Started Raise network interfaces.
         Starting Initial cloud-init job (metadata service crawler)...
[[0;32m  OK  [0m] Reached target Network.
[   37.331925] cloud-init[949]: Cloud-init v. 18.3-9-g2e62cb8a-0ubuntu1~16.04.2 running 'init' at Sat, 24 Nov 2018 11:22:58 +0000. Up 35.73 seconds.
[   37.418756] [[0;32m  OK  [0m] Started Initial cloud-init job (metadata service crawler).
cloud-init[949]: ci-info: ++++++++++++++++++++++++++++++++++++++Net device info+++++++++++++++++++++++++++++++++++++++[[0;32m  OK  [0m] Reached target Network is Online.

[   37.421077] cloud-init[949]: ci-info: +--------+-------+----------------------------+---------------+--------+-------------------+
[   37.424761] cloud-init[949]: ci-info: | Device |   Up  |          Address           |      Mask     | Scope  |     Hw-Address    |
[   37.426252] cloud-init[949]: ci-info: +--------+-------+----------------------------+---------------+--------+-------------------+
[   37.444289]          cloud-initStarting iSCSI initiator daemon (iscsid)...[949]: 
ci-info: | enp0s3 |  True |         10.0.2.15          | 255.255.255.0 | global | 02:20:67:8c:d5:af |
[   37.604734] [cloud-init[0;32m  OK  [0m[949]: ] ci-info: | enp0s3 |  True | fe80::20:67ff:fe8c:d5af/64 |       .       |  link  | 02:20:67:8c:d5:af |Reached target System Initialization.

         Starting Socket activation for snappy daemon.
[[0;32m  OK  [0m] Listening on D-Bus System Message Bus Socket.
[   37.605782] cloud-init[949]: ci-info: | enp0s8 | False |             .              |       .       |   .    | 08:00:27:5e:b3:68 |
[   37.978288] [cloud-init[0;32m  OK  [0m[949]: ] ci-info: | enp0s9 | False |             .              |       .       |   .    | 08:00:27:81:15:4c |Started Daily apt download activities.

[[0;32m  OK  [0m] Started Daily apt upgrade and clean activities.
[[0;32m  OK  [0m] Started Daily Cleanup of Temporary Directories.
[   37.979268] cloud-init[949]: ci-info: |   lo   |  True |         127.0.0.1          |   255.0.0.0   |  host  |         .         |
[   38.414557] [cloud-init[0;32m  OK  [0m[949]: ] ci-info: |   lo   |  True |          ::1/128           |       .       |  host  |         .         |Reached target Timers.

[   38.415664] cloud-init[949]: ci-info: +--------+-------+----------------------------+---------------+--------+-------------------+
[   38.474939]          Starting LXD - unix socket.
[[0;32m  OK  [0m] Listening on UUID daemon activation socket.
[[0;32m  OK  [0m] Listening on ACPID Listen Socket.
cloud-init[949]: ci-info: +++++++++++++++++++++++++++Route IPv4 info++++++++++++++++++++++++++++
[   38.485553] [[0;32m  OK  [0m] Started ACPI Events Check.
[[0;32m  OK  [0m] Reached target Paths.
[[0;32m  OK  [0m] Reached target Cloud-config availability.
cloud-init[949]: ci-info: +-------+-------------+----------+---------------+-----------+-------+
[   38.540577] [cloud-init[0;32m  OK  [0m[949]: ] ci-info: | Route | Destination | Gateway  |    Genmask    | Interface | Flags |Listening on Socket activation for snappy daemon.

[[0;32m  OK  [0m] Listening on LXD - unix socket.
[   38.541493] [cloud-init[0;32m  OK  [0m[949]: ] ci-info: +-------+-------------+----------+---------------+-----------+-------+Started iSCSI initiator daemon (iscsid).

[   38.840715]          cloud-initStarting Login to default iSCSI targets...[949]: 
ci-info: |   0   |   0.0.0.0   | 10.0.2.2 |    0.0.0.0    |   enp0s3  |   UG  |
[   38.988657] [cloud-init[0;32m  OK  [0m[949]: ] ci-info: |   1   |   10.0.2.0  | 0.0.0.0  | 255.255.255.0 |   enp0s3  |   U   |Reached target Sockets.

[[0;32m  OK  [0m] Reached target Basic System.
[   38.989700] cloud-init[949]: ci-info: +-------+-------------+----------+---------------+-----------+-------+
[   39.204647]          cloud-initStarting Accounts Service...[949]: 
ci-info: +++++++++++++++++++Route IPv6 info+++++++++++++++++++
[   39.312673]          cloud-initStarting Virtualbox guest utils...[949]: 
ci-info: +-------+-------------+---------+-----------+-------+
[   39.428594] [cloud-init[0;32m  OK  [0m[949]: ] ci-info: | Route | Destination | Gateway | Interface | Flags |Started D-Bus System Message Bus.

[   39.429956] cloud-init[949]: ci-info: +-------+-------------+---------+-----------+-------+
[   39.580556]          cloud-initStarting Login Service...[949]: 
ci-info: |   0   |  fe80::/64  |    ::   |   enp0s3  |   U   |
[   39.617959] [[0;32m  OK  [0m] Started Deferred execution scheduler.
cloud-init[949]: ci-info: |   3   |   ff00::/8  |    ::   |   enp0s3  |   U   |
[   39.620680] cloud-init[949]: ci-info: +-------+-------------+---------+-----------+-------+
[   39.624304] cloud-init[949]: Generating public/private rsa key pair.
[   39.625533] cloud-init[949]: Your identification has been saved in /etc/ssh/ssh_host_rsa_key.
[   39.660451]          cloud-initStarting Snappy daemon...[949]: 
Your public key has been saved in /etc/ssh/ssh_host_rsa_key.pub.
[[0;32m  OK  [0m] Started Regular background program processing daemon.
[   39.759020] cloud-init[949]: The key fingerprint is:
[   39.860991]          cloud-initStarting LXD - container startup/shutdown...[949]: 
SHA256:iZT7MsdoSeF99fjs4gPKJH/Fc5NtcyfN4pgNgkdZvi4 root@ubuntu-xenial
[   39.976572] [cloud-init[0;32m  OK  [0m[949]: ] The key's randomart image is:Started ACPI event daemon.

[[0;32m  OK  [0m] Started Unattended Upgrades Shutdown.
[   39.977487] cloud-init[949]: +---[RSA 2048]----+
[   40.086180]          Starting /etc/rc.local Compatibility...
cloud-init[949]: |                 |
[   40.089622] cloud-init[949]: |       .    .    |
[   40.092063] cloud-init[949]: |      +    +.    |
[   40.094508] cloud-init[949]: |     o = .o..o   |
[   40.104558]          cloud-initStarting LSB: MD monitoring daemon...[949]: 
|      = So.....= |
[   40.128638] [cloud-init[0;32m  OK  [0m[949]: ] |     ..=o.+ *o*.B|Started FUSE filesystem for LXC.

[   40.129558] cloud-init[949]: |      *=+o = Oo=+|
[   40.240488]          cloud-initStarting Pollinate to seed the pseudo random number generator...[949]: 
|     . ++ E *.o  |
[   40.317793]          Starting System Logging Service...
cloud-init[949]: |         . o.o.  |
[   40.330848]          cloud-initStarting LSB: Record successful boot for GRUB...[949]: 
+----[SHA256]-----+
[   40.404148] [cloud-init[0;32m  OK  [0m[949]: ] Generating public/private dsa key pair.Started /etc/rc.local Compatibility.

[   40.404919] cloud-init[949]: Your identification has been saved in /etc/ssh/ssh_host_dsa_key.
[   40.565022] [cloud-init[0;32m  OK  [0m[949]: ] Your public key has been saved in /etc/ssh/ssh_host_dsa_key.pub.Started System Logging Service.

[   40.565332] cloud-init[949]: The key fingerprint is:
[   40.701603] cloud-init[949]: SHA256:QsWNAVG4M1uSqaim9NZWzm095q0tCJXSfMeQL2/u5PU root@ubuntu-xenial
[   40.762517]          cloud-initStarting Authenticate and Authorize Users to Run Privileged Tasks...[949]: 
The key's randomart image is:
[[0;32m  OK  [0m] Started LSB: MD monitoring daemon.
[[0;32m  OK  [0m] Started Login to default iSCSI targets.
[   40.856654] cloud-init[949]: +---[DSA 1024]----+
[   40.973043] [cloud-init[0;32m  OK  [0m[949]: ] |      o*++  .    |Started Login Service.

[[0;32m  OK  [0m] Started LSB: Record successful boot for GRUB.
[[0;32m  OK  [0m] Started Authenticate and Authorize Users to Run Privileged Tasks.
[[   40.974014] cloud-init[949]: |      ..o .o     |
[   41.161784] cloud-init[949]: |      .+o . +    |
[0;32m  OK  [0m] Started Virtualbox guest utils.
[   41.161960] cloud-init[949]: |     .B..= o +   |
[   41.340635] [cloud-init[0;32m  OK  [0m[949]: ] |   . ..*S . +    |Started Accounts Service.

[   41.341496] cloud-init[949]: |  . . .+     o   |
[   41.452493] [cloud-init[0;32m  OK  [0m[949]: ] | o  . + o o o. . |Reached target Remote File Systems (Pre).

[[0;32m  OK  [0m] Reached target Remote File Systems.
[   41.453440] cloud-init[949]: |o... o o + ==.. .|
         Starting Permit User Sessions...
[   41.596563] cloud-init[949]: |+ ...   . oo==  E|
[   41.665672]          cloud-initStarting LSB: Set the CPU Frequency Scaling governor to "ondemand"...[949]: 
+----[SHA256]-----+
[   41.752787]          cloud-initStarting LSB: daemon to balance interrupts for SMP systems...[949]: 
Generating public/private ecdsa key pair.
[   41.856620]          cloud-initStarting LSB: automatic crash report generation...[949]: 
Your identification has been saved in /etc/ssh/ssh_host_ecdsa_key.
[   41.976766] [cloud-init[0;32m  OK  [0m[949]: ] Your public key has been saved in /etc/ssh/ssh_host_ecdsa_key.pub.Started Snappy daemon.

[   41.977597] [cloud-init[0;32m  OK  [0m[949]: ] The key fingerprint is:Started LXD - container startup/shutdown.

[   42.168449] [cloud-init[0;32m  OK  [0m[949]: ] SHA256:GdZS7fpm8oBDPFDh2poZ01EKc4tsS0Vw1PCEanWFLq4 root@ubuntu-xenialStarted Permit User Sessions.

[   42.169401] cloud-init[949]: The key's randomart image is:
[   42.348368] [cloud-init[0;32m  OK  [0m[949]: ] +---[ECDSA 256]---+Started LSB: Set the CPU Frequency Scaling governor to "ondemand".

[   42.348931] cloud-init[949]: |      ++X=++.    |
[[0;32m  OK  [0m] Started LSB: daemon to balance interrupts for SMP systems.
[   42.388115] cloud-init[949]: |     . XoO+ .    |
[   42.391063] cloud-init[949]: |      *oOoo.     |
[   42.392024] cloud-init[949]: |     ooO.=. .    |
[   42.394326] cloud-init[949]: |     .=.S. .     |
[   42.436301]          cloud-initStarting Terminate Plymouth Boot Screen...[949]: 
|       B.o.      |
[   42.453490]          Starting Hold until boot process finishes up...
cloud-init         Starting Wait until snapd is fully seeded...
[949]: |      +.o ..     |
[   42.460713] [[0;32m  OK  [0m] Started LSB: automatic crash report generation.
cloud-init[949]: |      E  ...+    |
[   42.529280] [cloud-init[0;32m  OK  [0m[949]: ] |           =.    |Started Terminate Plymouth Boot Screen.

[   42.529561] cloud-init[949]: [[0;32m  OK  [0m] Started Hold until boot process finishes up.
+----[SHA256]-----+
[   42.535215] cloud-init[949]: Generating public/private ed25519 key pair.
[   42.536476] cloud-init[949]: Your identification has been saved in /etc/ssh/ssh_host_ed25519_key.
[   42.537886] cloud-init[949]: Your public key has been saved in /etc/ssh/ssh_host_ed25519_key.pub.
[   42.539446] cloud-init[949]: The key fingerprint is:
[[0;32m  OK  [0m] Started Getty on tty1.
[   42.548836] cloud-init[949]: SHA256:Q2CKkETl8/p5wM0hpP21/SwbadQFxTMhuznPGPy7CM8 root@ubuntu-xenial
[   42.640502] [cloud-init[0;32m  OK  [0m[949]: ] The key's randomart image is:Started Serial Getty on ttyS0.

[   42.640759] [cloud-init[0;32m  OK  [0m[949]: ] +--[ED25519 256]--+Reached target Login Prompts.

[   42.658999] cloud-init[949]: |++..  o      ooo.|
[   42.730166] cloud-init[949]: |.... + .      ++ |
[   42.731124] cloud-init[949]: |  .o=   .    . .o|
[   42.732103] cloud-init[949]: |   .oo o .  o +  |
[   42.780366]          cloud-initStarting Set console scheme...[949]: 
|    ..= S o. B   |
[   42.836361] [cloud-init[0;32m  OK  [0m[949]: ] |    .o + o... B  |Started Set console scheme.

[   42.836662] cloud-init[949]: |   .  .    =o. + |
[   42.874550] cloud-init[949]: |    . ..  ..=o. .|
[   42.912280] cloud-init[949]: |     o.    .oE o.|
[   42.940368] cloud-init[949]: +----[SHA256]-----+
[[0;32m  OK  [0m] Started Pollinate to seed the pseudo random number generator.
         Starting OpenBSD Secure Shell server...
[[0;32m  OK  [0m] Started OpenBSD Secure Shell server.
[[0;32m  OK  [0m] Created slice User Slice of vagrant.
         Starting User Manager for UID 1000...
[[0;32m  OK  [0m] Started Session 1 of user vagrant.
[[0;32m  OK  [0m] Started User Manager for UID 1000.
[[0;32m  OK  [0m] Started Wait until snapd is fully seeded.
         Starting Apply the settings specified in cloud-config...
[[0;32m  OK  [0m] Reached target Multi-User System.
[[0;32m  OK  [0m] Reached target Graphical Interface.
         Starting Update UTMP about System Runlevel Changes...
[[0;32m  OK  [0m] Started Update UTMP about System Runlevel Changes.
[   47.017629] cloud-init[1407]: Generating locales (this might take a while)...
[   47.715559] cloud-init[1407]:   en_US.UTF-8... done
[   47.715886] cloud-init[1407]: Generation complete.
[   48.526107] cloud-init[1407]: Cloud-init v. 18.3-9-g2e62cb8a-0ubuntu1~16.04.2 running 'modules:config' at Sat, 24 Nov 2018 11:23:09 +0000. Up 46.78 seconds.

Ubuntu 16.04.5 LTS ubuntu-xenial ttyS0

ubuntu-xenial login: ci-info: no authorized ssh keys fingerprints found for user ubuntu.
<14>Nov 24 11:23:11 ec2: 
<14>Nov 24 11:23:11 ec2: #############################################################
<14>Nov 24 11:23:11 ec2: -----BEGIN SSH HOST KEY FINGERPRINTS-----
<14>Nov 24 11:23:11 ec2: 1024 SHA256:QsWNAVG4M1uSqaim9NZWzm095q0tCJXSfMeQL2/u5PU root@ubuntu-xenial (DSA)
<14>Nov 24 11:23:11 ec2: 256 SHA256:GdZS7fpm8oBDPFDh2poZ01EKc4tsS0Vw1PCEanWFLq4 root@ubuntu-xenial (ECDSA)
<14>Nov 24 11:23:11 ec2: 256 SHA256:Q2CKkETl8/p5wM0hpP21/SwbadQFxTMhuznPGPy7CM8 root@ubuntu-xenial (ED25519)
<14>Nov 24 11:23:11 ec2: 2048 SHA256:iZT7MsdoSeF99fjs4gPKJH/Fc5NtcyfN4pgNgkdZvi4 root@ubuntu-xenial (RSA)
<14>Nov 24 11:23:11 ec2: -----END SSH HOST KEY FINGERPRINTS-----
<14>Nov 24 11:23:11 ec2: #############################################################
-----BEGIN SSH HOST KEY KEYS-----
ecdsa-sha2-nistp256 AAAAE2VjZHNhLXNoYTItbmlzdHAyNTYAAAAIbmlzdHAyNTYAAABBBJipeY7tVutP6op+cMFrWF5uNOTwkEJvC5B/1co80En0324YXn36j+yFbT0fO50iyScatB40X544KEaX9MLjI9c= root@ubuntu-xenial
ssh-ed25519 AAAAC3NzaC1lZDI1NTE5AAAAINvvkG2XnMdqpk4o9lA3l6OSqqVGhh2tBB5uwGsp6fO0 root@ubuntu-xenial
ssh-rsa AAAAB3NzaC1yc2EAAAADAQABAAABAQDc5Y5E7UfaYjkDTMeIemMMkY+6Xm0ZHcRt1xFSNlOMsxfyb125lgSlEliPL2mfJs/56NQendrtOg3Qqi8MHIxCjSpE5ZK+VOX73YfXuE4wjFMRVXe+ZEkqnTauGhnYR+TaTVksotdSJ7LuQoOlkdaDSzxKu0w47fGtlPG2w8hW5DN6oHRuNDXeYA0Knj7Gz+jZfw47fK37MGQ1s3AufBmF5jnuFUMowxOoyjUAqRKtT7Modou8tb6H4Ciq37/onU+cbuCjMwvymZ+nNYckrM/DDtRc8cgwC5rMzPXEbpapijj3RcsEVtnbX5PZlfqEgxMKC7+rQZA6v+3kWu1nGgPR root@ubuntu-xenial
-----END SSH HOST KEY KEYS-----
[   48.913158] cloud-init[1511]: Cloud-init v. 18.3-9-g2e62cb8a-0ubuntu1~16.04.2 running 'modules:final' at Sat, 24 Nov 2018 11:23:11 +0000. Up 48.76 seconds.
[   48.913316] cloud-init[1511]: ci-info: no authorized ssh keys fingerprints found for user ubuntu.
[   48.913407] cloud-init[1511]: Cloud-init v. 18.3-9-g2e62cb8a-0ubuntu1~16.04.2 finished at Sat, 24 Nov 2018 11:23:11 +0000. Datasource DataSourceNoCloud [seed=/dev/sdb][dsmode=net].  Up 48.90 seconds
